Configuring HaskellForMaths-0.4.8...
Building HaskellForMaths-0.4.8...
Preprocessing library HaskellForMaths-0.4.8...
[ 1 of 58] Compiling Math.QuantumAlgebra.TensorCategory ( Math/QuantumAlgebra/TensorCategory.hs, .stack-work/dist/x86_64-osx/Cabal-1.24.2.0/build/Math/QuantumAlgebra/TensorCategory.o )
[ 2 of 58] Compiling Math.NumberTheory.Prime ( Math/NumberTheory/Prime.hs, .stack-work/dist/x86_64-osx/Cabal-1.24.2.0/build/Math/NumberTheory/Prime.o )
[ 3 of 58] Compiling Math.Core.Utils  ( Math/Core/Utils.hs, .stack-work/dist/x86_64-osx/Cabal-1.24.2.0/build/Math/Core/Utils.o )
[ 4 of 58] Compiling Math.NumberTheory.Factor ( Math/NumberTheory/Factor.hs, .stack-work/dist/x86_64-osx/Cabal-1.24.2.0/build/Math/NumberTheory/Factor.o )
[ 5 of 58] Compiling Math.Core.Field  ( Math/Core/Field.hs, .stack-work/dist/x86_64-osx/Cabal-1.24.2.0/build/Math/Core/Field.o )
[ 6 of 58] Compiling Math.Common.ListSet ( Math/Common/ListSet.hs, .stack-work/dist/x86_64-osx/Cabal-1.24.2.0/build/Math/Common/ListSet.o )
[ 7 of 58] Compiling Math.Common.IntegerAsType ( Math/Common/IntegerAsType.hs, .stack-work/dist/x86_64-osx/Cabal-1.24.2.0/build/Math/Common/IntegerAsType.o )
[ 8 of 58] Compiling Math.Combinatorics.Digraph ( Math/Combinatorics/Digraph.hs, .stack-work/dist/x86_64-osx/Cabal-1.24.2.0/build/Math/Combinatorics/Digraph.o )
[ 9 of 58] Compiling Math.Algebras.VectorSpace ( Math/Algebras/VectorSpace.hs, .stack-work/dist/x86_64-osx/Cabal-1.24.2.0/build/Math/Algebras/VectorSpace.o )
[10 of 58] Compiling Math.Algebras.TensorProduct ( Math/Algebras/TensorProduct.hs, .stack-work/dist/x86_64-osx/Cabal-1.24.2.0/build/Math/Algebras/TensorProduct.o )
[11 of 58] Compiling Math.Algebras.Structures ( Math/Algebras/Structures.hs, .stack-work/dist/x86_64-osx/Cabal-1.24.2.0/build/Math/Algebras/Structures.o )
[12 of 58] Compiling Math.CommutativeAlgebra.Polynomial ( Math/CommutativeAlgebra/Polynomial.hs, .stack-work/dist/x86_64-osx/Cabal-1.24.2.0/build/Math/CommutativeAlgebra/Polynomial.o )
[13 of 58] Compiling Math.CommutativeAlgebra.GroebnerBasis ( Math/CommutativeAlgebra/GroebnerBasis.hs, .stack-work/dist/x86_64-osx/Cabal-1.24.2.0/build/Math/CommutativeAlgebra/GroebnerBasis.o )
[14 of 58] Compiling Math.Algebras.Quaternions ( Math/Algebras/Quaternions.hs, .stack-work/dist/x86_64-osx/Cabal-1.24.2.0/build/Math/Algebras/Quaternions.o )
[15 of 58] Compiling Math.Algebra.LinearAlgebra ( Math/Algebra/LinearAlgebra.hs, .stack-work/dist/x86_64-osx/Cabal-1.24.2.0/build/Math/Algebra/LinearAlgebra.o )
[16 of 58] Compiling Math.NumberTheory.QuadraticField ( Math/NumberTheory/QuadraticField.hs, .stack-work/dist/x86_64-osx/Cabal-1.24.2.0/build/Math/NumberTheory/QuadraticField.o )
[17 of 58] Compiling Math.Algebra.Group.StringRewriting ( Math/Algebra/Group/StringRewriting.hs, .stack-work/dist/x86_64-osx/Cabal-1.24.2.0/build/Math/Algebra/Group/StringRewriting.o )
[18 of 58] Compiling Math.Algebra.Group.PermutationGroup ( Math/Algebra/Group/PermutationGroup.hs, .stack-work/dist/x86_64-osx/Cabal-1.24.2.0/build/Math/Algebra/Group/PermutationGroup.o )
[19 of 58] Compiling Math.Algebra.Group.SchreierSims ( Math/Algebra/Group/SchreierSims.hs, .stack-work/dist/x86_64-osx/Cabal-1.24.2.0/build/Math/Algebra/Group/SchreierSims.o )
[20 of 58] Compiling Math.Algebra.Group.RandomSchreierSims ( Math/Algebra/Group/RandomSchreierSims.hs, .stack-work/dist/x86_64-osx/Cabal-1.24.2.0/build/Math/Algebra/Group/RandomSchreierSims.o )
[21 of 58] Compiling Math.Algebra.Group.Subquotients ( Math/Algebra/Group/Subquotients.hs, .stack-work/dist/x86_64-osx/Cabal-1.24.2.0/build/Math/Algebra/Group/Subquotients.o )
[22 of 58] Compiling Math.Algebras.GroupAlgebra ( Math/Algebras/GroupAlgebra.hs, .stack-work/dist/x86_64-osx/Cabal-1.24.2.0/build/Math/Algebras/GroupAlgebra.o )
[23 of 58] Compiling Math.Combinatorics.Graph ( Math/Combinatorics/Graph.hs, .stack-work/dist/x86_64-osx/Cabal-1.24.2.0/build/Math/Combinatorics/Graph.o )
[24 of 58] Compiling Math.Combinatorics.GraphAuts ( Math/Combinatorics/GraphAuts.hs, .stack-work/dist/x86_64-osx/Cabal-1.24.2.0/build/Math/Combinatorics/GraphAuts.o )
[25 of 58] Compiling Math.Combinatorics.FiniteGeometry ( Math/Combinatorics/FiniteGeometry.hs, .stack-work/dist/x86_64-osx/Cabal-1.24.2.0/build/Math/Combinatorics/FiniteGeometry.o )
[26 of 58] Compiling Math.Algebras.Octonions ( Math/Algebras/Octonions.hs, .stack-work/dist/x86_64-osx/Cabal-1.24.2.0/build/Math/Algebras/Octonions.o )
[27 of 58] Compiling Math.Combinatorics.Poset ( Math/Combinatorics/Poset.hs, .stack-work/dist/x86_64-osx/Cabal-1.24.2.0/build/Math/Combinatorics/Poset.o )
[28 of 58] Compiling Math.Combinatorics.CombinatorialHopfAlgebra ( Math/Combinatorics/CombinatorialHopfAlgebra.hs, .stack-work/dist/x86_64-osx/Cabal-1.24.2.0/build/Math/Combinatorics/CombinatorialHopfAlgebra.o )
[29 of 58] Compiling Math.Projects.ChevalleyGroup.Exceptional ( Math/Projects/ChevalleyGroup/Exceptional.hs, .stack-work/dist/x86_64-osx/Cabal-1.24.2.0/build/Math/Projects/ChevalleyGroup/Exceptional.o )
[30 of 58] Compiling Math.Projects.Rubik ( Math/Projects/Rubik.hs, .stack-work/dist/x86_64-osx/Cabal-1.24.2.0/build/Math/Projects/Rubik.o )
[31 of 58] Compiling Math.Algebra.Group.CayleyGraph ( Math/Algebra/Group/CayleyGraph.hs, .stack-work/dist/x86_64-osx/Cabal-1.24.2.0/build/Math/Algebra/Group/CayleyGraph.o )
[32 of 58] Compiling Math.Algebra.Field.Base ( Math/Algebra/Field/Base.hs, .stack-work/dist/x86_64-osx/Cabal-1.24.2.0/build/Math/Algebra/Field/Base.o )
[33 of 58] Compiling Math.Algebra.Field.Extension ( Math/Algebra/Field/Extension.hs, .stack-work/dist/x86_64-osx/Cabal-1.24.2.0/build/Math/Algebra/Field/Extension.o )
[34 of 58] Compiling Math.Algebra.NonCommutative.NCPoly ( Math/Algebra/NonCommutative/NCPoly.hs, .stack-work/dist/x86_64-osx/Cabal-1.24.2.0/build/Math/Algebra/NonCommutative/NCPoly.o )
[35 of 58] Compiling Math.Algebra.NonCommutative.GSBasis ( Math/Algebra/NonCommutative/GSBasis.hs, .stack-work/dist/x86_64-osx/Cabal-1.24.2.0/build/Math/Algebra/NonCommutative/GSBasis.o )
[36 of 58] Compiling Math.Algebra.NonCommutative.TensorAlgebra ( Math/Algebra/NonCommutative/TensorAlgebra.hs, .stack-work/dist/x86_64-osx/Cabal-1.24.2.0/build/Math/Algebra/NonCommutative/TensorAlgebra.o )
[37 of 58] Compiling Math.Algebras.Commutative ( Math/Algebras/Commutative.hs, .stack-work/dist/x86_64-osx/Cabal-1.24.2.0/build/Math/Algebras/Commutative.o )
[38 of 58] Compiling Math.Algebras.AffinePlane ( Math/Algebras/AffinePlane.hs, .stack-work/dist/x86_64-osx/Cabal-1.24.2.0/build/Math/Algebras/AffinePlane.o )
[39 of 58] Compiling Math.Combinatorics.Matroid ( Math/Combinatorics/Matroid.hs, .stack-work/dist/x86_64-osx/Cabal-1.24.2.0/build/Math/Combinatorics/Matroid.o )
[40 of 58] Compiling Math.Algebras.LaurentPoly ( Math/Algebras/LaurentPoly.hs, .stack-work/dist/x86_64-osx/Cabal-1.24.2.0/build/Math/Algebras/LaurentPoly.o )
[41 of 58] Compiling Math.Algebras.Matrix ( Math/Algebras/Matrix.hs, .stack-work/dist/x86_64-osx/Cabal-1.24.2.0/build/Math/Algebras/Matrix.o )
[42 of 58] Compiling Math.Algebras.NonCommutative ( Math/Algebras/NonCommutative.hs, .stack-work/dist/x86_64-osx/Cabal-1.24.2.0/build/Math/Algebras/NonCommutative.o )
[43 of 58] Compiling Math.Algebras.TensorAlgebra ( Math/Algebras/TensorAlgebra.hs, .stack-work/dist/x86_64-osx/Cabal-1.24.2.0/build/Math/Algebras/TensorAlgebra.o )
[44 of 58] Compiling Math.Combinatorics.Design ( Math/Combinatorics/Design.hs, .stack-work/dist/x86_64-osx/Cabal-1.24.2.0/build/Math/Combinatorics/Design.o )
[45 of 58] Compiling Math.Combinatorics.Hypergraph ( Math/Combinatorics/Hypergraph.hs, .stack-work/dist/x86_64-osx/Cabal-1.24.2.0/build/Math/Combinatorics/Hypergraph.o )
[46 of 58] Compiling Math.Combinatorics.IncidenceAlgebra ( Math/Combinatorics/IncidenceAlgebra.hs, .stack-work/dist/x86_64-osx/Cabal-1.24.2.0/build/Math/Combinatorics/IncidenceAlgebra.o )
[47 of 58] Compiling Math.Combinatorics.StronglyRegularGraph ( Math/Combinatorics/StronglyRegularGraph.hs, .stack-work/dist/x86_64-osx/Cabal-1.24.2.0/build/Math/Combinatorics/StronglyRegularGraph.o )
[48 of 58] Compiling Math.Combinatorics.LatinSquares ( Math/Combinatorics/LatinSquares.hs, .stack-work/dist/x86_64-osx/Cabal-1.24.2.0/build/Math/Combinatorics/LatinSquares.o )
[49 of 58] Compiling Math.Projects.ChevalleyGroup.Classical ( Math/Projects/ChevalleyGroup/Classical.hs, .stack-work/dist/x86_64-osx/Cabal-1.24.2.0/build/Math/Projects/ChevalleyGroup/Classical.o )
[50 of 58] Compiling Math.Projects.KnotTheory.LaurentMPoly ( Math/Projects/KnotTheory/LaurentMPoly.hs, .stack-work/dist/x86_64-osx/Cabal-1.24.2.0/build/Math/Projects/KnotTheory/LaurentMPoly.o )
[51 of 58] Compiling Math.Projects.KnotTheory.Braid ( Math/Projects/KnotTheory/Braid.hs, .stack-work/dist/x86_64-osx/Cabal-1.24.2.0/build/Math/Projects/KnotTheory/Braid.o )
[52 of 58] Compiling Math.Projects.KnotTheory.IwahoriHecke ( Math/Projects/KnotTheory/IwahoriHecke.hs, .stack-work/dist/x86_64-osx/Cabal-1.24.2.0/build/Math/Projects/KnotTheory/IwahoriHecke.o )
[53 of 58] Compiling Math.Projects.KnotTheory.TemperleyLieb ( Math/Projects/KnotTheory/TemperleyLieb.hs, .stack-work/dist/x86_64-osx/Cabal-1.24.2.0/build/Math/Projects/KnotTheory/TemperleyLieb.o )
[54 of 58] Compiling Math.Projects.MiniquaternionGeometry ( Math/Projects/MiniquaternionGeometry.hs, .stack-work/dist/x86_64-osx/Cabal-1.24.2.0/build/Math/Projects/MiniquaternionGeometry.o )
[55 of 58] Compiling Math.Projects.RootSystem ( Math/Projects/RootSystem.hs, .stack-work/dist/x86_64-osx/Cabal-1.24.2.0/build/Math/Projects/RootSystem.o )
[56 of 58] Compiling Math.QuantumAlgebra.OrientedTangle ( Math/QuantumAlgebra/OrientedTangle.hs, .stack-work/dist/x86_64-osx/Cabal-1.24.2.0/build/Math/QuantumAlgebra/OrientedTangle.o )
[57 of 58] Compiling Math.QuantumAlgebra.QuantumPlane ( Math/QuantumAlgebra/QuantumPlane.hs, .stack-work/dist/x86_64-osx/Cabal-1.24.2.0/build/Math/QuantumAlgebra/QuantumPlane.o )
[58 of 58] Compiling Math.QuantumAlgebra.Tangle ( Math/QuantumAlgebra/Tangle.hs, .stack-work/dist/x86_64-osx/Cabal-1.24.2.0/build/Math/QuantumAlgebra/Tangle.o )
Running Haddock for HaskellForMaths-0.4.8...
Preprocessing library HaskellForMaths-0.4.8...
Haddock coverage:
   3% (  1 / 31) in 'Math.QuantumAlgebra.TensorCategory'
  Missing documentation for:
    MCategory (Math/QuantumAlgebra/TensorCategory.hs:10)
    MFunctor (Math/QuantumAlgebra/TensorCategory.hs:20)
    Monoidal (Math/QuantumAlgebra/TensorCategory.hs:31)
    StrictMonoidal (Math/QuantumAlgebra/TensorCategory.hs:36)
    WeakMonoidal (Math/QuantumAlgebra/TensorCategory.hs:39)
    Braided (Math/QuantumAlgebra/TensorCategory.hs:49)
    Symmetric (Math/QuantumAlgebra/TensorCategory.hs:54)
    FinOrd (Math/QuantumAlgebra/TensorCategory.hs:64)
     (Math/QuantumAlgebra/TensorCategory.hs:66)
     (Math/QuantumAlgebra/TensorCategory.hs:77)
    finOrdAr (Math/QuantumAlgebra/TensorCategory.hs:82)
    FinCard (Math/QuantumAlgebra/TensorCategory.hs:91)
     (Math/QuantumAlgebra/TensorCategory.hs:93)
     (Math/QuantumAlgebra/TensorCategory.hs:104)
    finCardAr (Math/QuantumAlgebra/TensorCategory.hs:109)
    finPerm (Math/QuantumAlgebra/TensorCategory.hs:115)
     (Math/QuantumAlgebra/TensorCategory.hs:121)
    Braid (Math/QuantumAlgebra/TensorCategory.hs:128)
     (Math/QuantumAlgebra/TensorCategory.hs:130)
    t (Math/QuantumAlgebra/TensorCategory.hs:140)
    t' (Math/QuantumAlgebra/TensorCategory.hs:146)
     (Math/QuantumAlgebra/TensorCategory.hs:148)
     (Math/QuantumAlgebra/TensorCategory.hs:153)
     (Math/QuantumAlgebra/TensorCategory.hs:157)
    Vect (Math/QuantumAlgebra/TensorCategory.hs:164)
     (Math/QuantumAlgebra/TensorCategory.hs:166)
    Cob2 (Math/QuantumAlgebra/TensorCategory.hs:179)
     (Math/QuantumAlgebra/TensorCategory.hs:182)
     (Math/QuantumAlgebra/TensorCategory.hs:209)
    rewrite (Math/QuantumAlgebra/TensorCategory.hs:216)
  62% (  5 /  8) in 'Math.NumberTheory.Prime'
  Missing documentation for:
    isTrialDivisionPrime (Math/NumberTheory/Prime.hs:13)
    isMillerRabinPrime (Math/NumberTheory/Prime.hs:84)
    notPrime (Math/NumberTheory/Prime.hs:98)
  52% ( 17 / 33) in 'Math.Core.Utils'
  Missing documentation for:
    toSet (Math/Core/Utils.hs:12)
    sortDesc (Math/Core/Utils.hs:14)
    insertDesc (Math/Core/Utils.hs:16)
    setUnionDesc (Math/Core/Utils.hs:29)
    isSubsetAsc (Math/Core/Utils.hs:92)
    isSubMultisetAsc (Math/Core/Utils.hs:94)
    pairs (Math/Core/Utils.hs:130)
    ordpair (Math/Core/Utils.hs:133)
    foldcmpl (Math/Core/Utils.hs:138)
    isWeaklyIncreasing (Math/Core/Utils.hs:145)
    isStrictlyIncreasing (Math/Core/Utils.hs:148)
    isWeaklyDecreasing (Math/Core/Utils.hs:151)
    isStrictlyDecreasing (Math/Core/Utils.hs:154)
    cmpfst (Math/Core/Utils.hs:158)
    eqfst (Math/Core/Utils.hs:161)
    fromBase (Math/Core/Utils.hs:164)
 100% (  6 /  6) in 'Math.NumberTheory.Factor'
  37% ( 35 / 95) in 'Math.Core.Field'
  Missing documentation for:
     (Math/Core/Field.hs:26)
    numeratorQ (Math/Core/Field.hs:33)
    denominatorQ (Math/Core/Field.hs:34)
     (Math/Core/Field.hs:42)
     (Math/Core/Field.hs:45)
     (Math/Core/Field.hs:53)
     (Math/Core/Field.hs:58)
     (Math/Core/Field.hs:68)
     (Math/Core/Field.hs:71)
     (Math/Core/Field.hs:80)
     (Math/Core/Field.hs:85)
     (Math/Core/Field.hs:95)
     (Math/Core/Field.hs:98)
     (Math/Core/Field.hs:107)
     (Math/Core/Field.hs:112)
     (Math/Core/Field.hs:122)
     (Math/Core/Field.hs:125)
     (Math/Core/Field.hs:134)
     (Math/Core/Field.hs:139)
     (Math/Core/Field.hs:149)
     (Math/Core/Field.hs:152)
     (Math/Core/Field.hs:161)
     (Math/Core/Field.hs:166)
     (Math/Core/Field.hs:176)
     (Math/Core/Field.hs:179)
     (Math/Core/Field.hs:188)
     (Math/Core/Field.hs:193)
     (Math/Core/Field.hs:203)
     (Math/Core/Field.hs:206)
     (Math/Core/Field.hs:215)
     (Math/Core/Field.hs:220)
     (Math/Core/Field.hs:230)
     (Math/Core/Field.hs:233)
     (Math/Core/Field.hs:242)
     (Math/Core/Field.hs:247)
     (Math/Core/Field.hs:257)
     (Math/Core/Field.hs:260)
     (Math/Core/Field.hs:269)
     (Math/Core/Field.hs:274)
     (Math/Core/Field.hs:287)
     (Math/Core/Field.hs:297)
     (Math/Core/Field.hs:308)
     (Math/Core/Field.hs:314)
    powers (Math/Core/Field.hs:320)
     (Math/Core/Field.hs:327)
     (Math/Core/Field.hs:341)
     (Math/Core/Field.hs:351)
     (Math/Core/Field.hs:356)
     (Math/Core/Field.hs:367)
     (Math/Core/Field.hs:382)
     (Math/Core/Field.hs:396)
     (Math/Core/Field.hs:401)
     (Math/Core/Field.hs:412)
     (Math/Core/Field.hs:434)
     (Math/Core/Field.hs:444)
     (Math/Core/Field.hs:449)
     (Math/Core/Field.hs:460)
     (Math/Core/Field.hs:472)
     (Math/Core/Field.hs:486)
     (Math/Core/Field.hs:491)
   0% (  0 /  9) in 'Math.Common.ListSet'
  Missing documentation for:
    Module header
    toListSet (Math/Common/ListSet.hs:8)
    isListSet (Math/Common/ListSet.hs:10)
    union (Math/Common/ListSet.hs:14)
    intersect (Math/Common/ListSet.hs:22)
    \\ (Math/Common/ListSet.hs:29)
    symDiff (Math/Common/ListSet.hs:37)
    disjoint (Math/Common/ListSet.hs:45)
    isSubset (Math/Common/ListSet.hs:47)
   0% (  0 / 60) in 'Math.Common.IntegerAsType'
  Missing documentation for:
    Module header
    IntegerAsType (Math/Common/IntegerAsType.hs:7)
    M (Math/Common/IntegerAsType.hs:11)
     (Math/Common/IntegerAsType.hs:12)
    TMinus1 (Math/Common/IntegerAsType.hs:15)
     (Math/Common/IntegerAsType.hs:16)
    TZero (Math/Common/IntegerAsType.hs:18)
     (Math/Common/IntegerAsType.hs:19)
    TOne (Math/Common/IntegerAsType.hs:21)
     (Math/Common/IntegerAsType.hs:22)
    T2 (Math/Common/IntegerAsType.hs:24)
     (Math/Common/IntegerAsType.hs:25)
    T3 (Math/Common/IntegerAsType.hs:27)
     (Math/Common/IntegerAsType.hs:28)
    T5 (Math/Common/IntegerAsType.hs:30)
     (Math/Common/IntegerAsType.hs:31)
    T7 (Math/Common/IntegerAsType.hs:33)
     (Math/Common/IntegerAsType.hs:34)
    T11 (Math/Common/IntegerAsType.hs:36)
     (Math/Common/IntegerAsType.hs:37)
    T13 (Math/Common/IntegerAsType.hs:39)
     (Math/Common/IntegerAsType.hs:40)
    T17 (Math/Common/IntegerAsType.hs:42)
     (Math/Common/IntegerAsType.hs:43)
    T19 (Math/Common/IntegerAsType.hs:45)
     (Math/Common/IntegerAsType.hs:46)
    T23 (Math/Common/IntegerAsType.hs:48)
     (Math/Common/IntegerAsType.hs:49)
    T29 (Math/Common/IntegerAsType.hs:51)
     (Math/Common/IntegerAsType.hs:52)
    T31 (Math/Common/IntegerAsType.hs:54)
     (Math/Common/IntegerAsType.hs:55)
    T37 (Math/Common/IntegerAsType.hs:57)
     (Math/Common/IntegerAsType.hs:58)
    T41 (Math/Common/IntegerAsType.hs:60)
     (Math/Common/IntegerAsType.hs:61)
    T43 (Math/Common/IntegerAsType.hs:63)
     (Math/Common/IntegerAsType.hs:64)
    T47 (Math/Common/IntegerAsType.hs:66)
     (Math/Common/IntegerAsType.hs:67)
    T53 (Math/Common/IntegerAsType.hs:69)
     (Math/Common/IntegerAsType.hs:70)
    T59 (Math/Common/IntegerAsType.hs:72)
     (Math/Common/IntegerAsType.hs:73)
    T61 (Math/Common/IntegerAsType.hs:75)
     (Math/Common/IntegerAsType.hs:76)
    T67 (Math/Common/IntegerAsType.hs:78)
     (Math/Common/IntegerAsType.hs:79)
    T71 (Math/Common/IntegerAsType.hs:81)
     (Math/Common/IntegerAsType.hs:82)
    T73 (Math/Common/IntegerAsType.hs:84)
     (Math/Common/IntegerAsType.hs:85)
    T79 (Math/Common/IntegerAsType.hs:87)
     (Math/Common/IntegerAsType.hs:88)
    T83 (Math/Common/IntegerAsType.hs:90)
     (Math/Common/IntegerAsType.hs:91)
    T89 (Math/Common/IntegerAsType.hs:93)
     (Math/Common/IntegerAsType.hs:94)
    T97 (Math/Common/IntegerAsType.hs:96)
     (Math/Common/IntegerAsType.hs:97)
  20% (  4 / 20) in 'Math.Combinatorics.Digraph'
  Missing documentation for:
     (Math/Combinatorics/Digraph.hs:22)
    nf (Math/Combinatorics/Digraph.hs:26)
    vertices (Math/Combinatorics/Digraph.hs:28)
    edges (Math/Combinatorics/Digraph.hs:30)
    predecessors (Math/Combinatorics/Digraph.hs:35)
    successors (Math/Combinatorics/Digraph.hs:37)
    adjLists (Math/Combinatorics/Digraph.hs:41)
    digraphIsos1 (Math/Combinatorics/Digraph.hs:47)
    digraphIsos2 (Math/Combinatorics/Digraph.hs:59)
    heightPartitionDAG (Math/Combinatorics/Digraph.hs:90)
    isDAG (Math/Combinatorics/Digraph.hs:99)
    dagIsos (Math/Combinatorics/Digraph.hs:102)
    perms (Math/Combinatorics/Digraph.hs:132)
    isoRepDAG1 (Math/Combinatorics/Digraph.hs:146)
    isoRepDAG2 (Math/Combinatorics/Digraph.hs:163)
    isoRepDAG3 (Math/Combinatorics/Digraph.hs:179)
  51% ( 22 / 43) in 'Math.Algebras.VectorSpace'
  48% ( 13 / 27) in 'Math.Algebras.TensorProduct'
  Missing documentation for:
    assocL (Math/Algebras/TensorProduct.hs:94)
    assocR (Math/Algebras/TensorProduct.hs:97)
    unitInL (Math/Algebras/TensorProduct.hs:100)
    unitOutL (Math/Algebras/TensorProduct.hs:103)
    unitInR (Math/Algebras/TensorProduct.hs:106)
    unitOutR (Math/Algebras/TensorProduct.hs:109)
    twist (Math/Algebras/TensorProduct.hs:112)
    distrL (Math/Algebras/TensorProduct.hs:117)
    undistrL (Math/Algebras/TensorProduct.hs:121)
    distrR (Math/Algebras/TensorProduct.hs:125)
    undistrR (Math/Algebras/TensorProduct.hs:129)
    ev (Math/Algebras/TensorProduct.hs:137)
    delta (Math/Algebras/TensorProduct.hs:141)
    reify (Math/Algebras/TensorProduct.hs:143)
  41% ( 13 / 32) in 'Math.Algebras.Structures'
  Missing documentation for:
    HopfAlgebra (Math/Algebras/Structures.hs:53)
     (Math/Algebras/Structures.hs:57)
     (Math/Algebras/Structures.hs:80)
     (Math/Algebras/Structures.hs:89)
     (Math/Algebras/Structures.hs:151)
    SetCoalgebra (Math/Algebras/Structures.hs:155)
     (Math/Algebras/Structures.hs:157)
    MonoidCoalgebra (Math/Algebras/Structures.hs:162)
     (Math/Algebras/Structures.hs:164)
    Module (Math/Algebras/Structures.hs:177)
    *. (Math/Algebras/Structures.hs:180)
    Comodule (Math/Algebras/Structures.hs:182)
     (Math/Algebras/Structures.hs:186)
     (Math/Algebras/Structures.hs:189)
     (Math/Algebras/Structures.hs:196)
     (Math/Algebras/Structures.hs:202)
     (Math/Algebras/Structures.hs:212)
     (Math/Algebras/Structures.hs:233)
     (Math/Algebras/Structures.hs:236)
  38% ( 20 / 53) in 'Math.CommutativeAlgebra.Polynomial'
  Missing documentation for:
    mproperlydivides (Math/CommutativeAlgebra/Polynomial.hs:37)
     (Math/CommutativeAlgebra/Polynomial.hs:71)
     (Math/CommutativeAlgebra/Polynomial.hs:76)
     (Math/CommutativeAlgebra/Polynomial.hs:80)
     (Math/CommutativeAlgebra/Polynomial.hs:116)
     (Math/CommutativeAlgebra/Polynomial.hs:129)
     (Math/CommutativeAlgebra/Polynomial.hs:132)
     (Math/CommutativeAlgebra/Polynomial.hs:162)
     (Math/CommutativeAlgebra/Polynomial.hs:175)
     (Math/CommutativeAlgebra/Polynomial.hs:178)
     (Math/CommutativeAlgebra/Polynomial.hs:196)
     (Math/CommutativeAlgebra/Polynomial.hs:211)
     (Math/CommutativeAlgebra/Polynomial.hs:214)
     (Math/CommutativeAlgebra/Polynomial.hs:232)
    Elim2 (Math/CommutativeAlgebra/Polynomial.hs:239)
     (Math/CommutativeAlgebra/Polynomial.hs:241)
     (Math/CommutativeAlgebra/Polynomial.hs:244)
     (Math/CommutativeAlgebra/Polynomial.hs:251)
     (Math/CommutativeAlgebra/Polynomial.hs:255)
     (Math/CommutativeAlgebra/Polynomial.hs:263)
    flipbind (Math/CommutativeAlgebra/Polynomial.hs:299)
    lt (Math/CommutativeAlgebra/Polynomial.hs:328)
    lm (Math/CommutativeAlgebra/Polynomial.hs:329)
    lc (Math/CommutativeAlgebra/Polynomial.hs:330)
    deg (Math/CommutativeAlgebra/Polynomial.hs:333)
    toMonic (Math/CommutativeAlgebra/Polynomial.hs:342)
    tdivides (Math/CommutativeAlgebra/Polynomial.hs:347)
    tdiv (Math/CommutativeAlgebra/Polynomial.hs:349)
    tgcd (Math/CommutativeAlgebra/Polynomial.hs:351)
    tmult (Math/CommutativeAlgebra/Polynomial.hs:354)
    *-> (Math/CommutativeAlgebra/Polynomial.hs:357)
    quotRemMP (Math/CommutativeAlgebra/Polynomial.hs:361)
    rewrite (Math/CommutativeAlgebra/Polynomial.hs:378)
  34% ( 14 / 41) in 'Math.CommutativeAlgebra.GroebnerBasis'
  Missing documentation for:
    sPoly (Math/CommutativeAlgebra/GroebnerBasis.hs:24)
    isGB (Math/CommutativeAlgebra/GroebnerBasis.hs:29)
    gb1 (Math/CommutativeAlgebra/GroebnerBasis.hs:34)
    pairWith (Math/CommutativeAlgebra/GroebnerBasis.hs:40)
    reduce (Math/CommutativeAlgebra/GroebnerBasis.hs:45)
    gb2 (Math/CommutativeAlgebra/GroebnerBasis.hs:56)
    ! (Math/CommutativeAlgebra/GroebnerBasis.hs:72)
    gb2a (Math/CommutativeAlgebra/GroebnerBasis.hs:76)
    gb3 (Math/CommutativeAlgebra/GroebnerBasis.hs:99)
    gb4 (Math/CommutativeAlgebra/GroebnerBasis.hs:122)
    mergeBy (Math/CommutativeAlgebra/GroebnerBasis.hs:143)
    sugar (Math/CommutativeAlgebra/GroebnerBasis.hs:197)
    cmpNormal (Math/CommutativeAlgebra/GroebnerBasis.hs:199)
    cmpSug (Math/CommutativeAlgebra/GroebnerBasis.hs:201)
    memberGB (Math/CommutativeAlgebra/GroebnerBasis.hs:214)
    toElimFst (Math/CommutativeAlgebra/GroebnerBasis.hs:260)
    toElimSnd (Math/CommutativeAlgebra/GroebnerBasis.hs:261)
    isElimFst (Math/CommutativeAlgebra/GroebnerBasis.hs:262)
    fromElimSnd (Math/CommutativeAlgebra/GroebnerBasis.hs:263)
    eliminateFst (Math/CommutativeAlgebra/GroebnerBasis.hs:264)
    quotientP (Math/CommutativeAlgebra/GroebnerBasis.hs:280)
    mbasis (Math/CommutativeAlgebra/GroebnerBasis.hs:305)
    numMonomials (Math/CommutativeAlgebra/GroebnerBasis.hs:324)
    hilbertSeriesQA1 (Math/CommutativeAlgebra/GroebnerBasis.hs:347)
    hilbertPolyQA' (Math/CommutativeAlgebra/GroebnerBasis.hs:382)
    dim (Math/CommutativeAlgebra/GroebnerBasis.hs:387)
    dim' (Math/CommutativeAlgebra/GroebnerBasis.hs:389)
  33% (  9 / 27) in 'Math.Algebras.Quaternions'
  Missing documentation for:
    HBasis (Math/Algebras/Quaternions.hs:22)
    Quaternion (Math/Algebras/Quaternions.hs:24)
     (Math/Algebras/Quaternions.hs:26)
     (Math/Algebras/Quaternions.hs:32)
    HasConjugation (Math/Algebras/Quaternions.hs:54)
     (Math/Algebras/Quaternions.hs:87)
    <.> (Math/Algebras/Quaternions.hs:102)
    ^- (Math/Algebras/Quaternions.hs:107)
    refl (Math/Algebras/Quaternions.hs:110)
    asMatrix (Math/Algebras/Quaternions.hs:114)
    reprSO3' (Math/Algebras/Quaternions.hs:122)
    reprSO4' (Math/Algebras/Quaternions.hs:139)
    reprSO4d (Math/Algebras/Quaternions.hs:154)
    one' (Math/Algebras/Quaternions.hs:161)
    i' (Math/Algebras/Quaternions.hs:161)
    j' (Math/Algebras/Quaternions.hs:161)
    k' (Math/Algebras/Quaternions.hs:161)
     (Math/Algebras/Quaternions.hs:169)
  55% ( 17 / 31) in 'Math.Algebra.LinearAlgebra'
  Missing documentation for:
    fMatrix (Math/Algebra/LinearAlgebra.hs:77)
    fMatrix' (Math/Algebra/LinearAlgebra.hs:80)
    idMx (Math/Algebra/LinearAlgebra.hs:85)
    inverse1 (Math/Algebra/LinearAlgebra.hs:153)
    inverse2 (Math/Algebra/LinearAlgebra.hs:164)
    ! (Math/Algebra/LinearAlgebra.hs:169)
    rowEchelonForm (Math/Algebra/LinearAlgebra.hs:171)
    reducedRowEchelonForm (Math/Algebra/LinearAlgebra.hs:181)
    solveLinearSystem (Math/Algebra/LinearAlgebra.hs:191)
    isZero (Math/Algebra/LinearAlgebra.hs:204)
    inSpanRE (Math/Algebra/LinearAlgebra.hs:207)
    rank (Math/Algebra/LinearAlgebra.hs:211)
    kernel (Math/Algebra/LinearAlgebra.hs:215)
    kernelRRE (Math/Algebra/LinearAlgebra.hs:217)
  29% (  4 / 14) in 'Math.NumberTheory.QuadraticField'
  Missing documentation for:
     (Math/NumberTheory/QuadraticField.hs:38)
    sqrt2 (Math/NumberTheory/QuadraticField.hs:59)
    sqrt3 (Math/NumberTheory/QuadraticField.hs:60)
    sqrt5 (Math/NumberTheory/QuadraticField.hs:61)
    sqrt6 (Math/NumberTheory/QuadraticField.hs:62)
    sqrt7 (Math/NumberTheory/QuadraticField.hs:63)
    i (Math/NumberTheory/QuadraticField.hs:65)
     (Math/NumberTheory/QuadraticField.hs:68)
    XVar (Math/NumberTheory/QuadraticField.hs:96)
     (Math/NumberTheory/QuadraticField.hs:98)
  17% (  4 / 24) in 'Math.Algebra.Group.StringRewriting'
  Missing documentation for:
    Module header
    rewrite1 (Math/Algebra/Group/StringRewriting.hs:20)
    splitSubstring (Math/Algebra/Group/StringRewriting.hs:26)
    findOverlap (Math/Algebra/Group/StringRewriting.hs:38)
    knuthBendix1 (Math/Algebra/Group/StringRewriting.hs:52)
    ordpair (Math/Algebra/Group/StringRewriting.hs:69)
    shortlex (Math/Algebra/Group/StringRewriting.hs:75)
    knuthBendix2 (Math/Algebra/Group/StringRewriting.hs:82)
    merge (Math/Algebra/Group/StringRewriting.hs:105)
    knuthBendix3 (Math/Algebra/Group/StringRewriting.hs:114)
    SGen (Math/Algebra/Group/StringRewriting.hs:163)
     (Math/Algebra/Group/StringRewriting.hs:165)
    s_ (Math/Algebra/Group/StringRewriting.hs:168)
    s1 (Math/Algebra/Group/StringRewriting.hs:169)
    s2 (Math/Algebra/Group/StringRewriting.hs:170)
    s3 (Math/Algebra/Group/StringRewriting.hs:171)
    _S (Math/Algebra/Group/StringRewriting.hs:176)
    _S' (Math/Algebra/Group/StringRewriting.hs:183)
    tri (Math/Algebra/Group/StringRewriting.hs:191)
    _D (Math/Algebra/Group/StringRewriting.hs:196)
  27% ( 24 / 88) in 'Math.Algebra.Group.PermutationGroup'
  Missing documentation for:
    rotateL (Math/Algebra/Group/PermutationGroup.hs:26)
    fmapP (Math/Algebra/Group/PermutationGroup.hs:35)
    fromPairs (Math/Algebra/Group/PermutationGroup.hs:42)
    fromPairs' (Math/Algebra/Group/PermutationGroup.hs:48)
    toPairs (Math/Algebra/Group/PermutationGroup.hs:51)
    fromList (Math/Algebra/Group/PermutationGroup.hs:53)
    supp (Math/Algebra/Group/PermutationGroup.hs:57)
    fromCycles (Math/Algebra/Group/PermutationGroup.hs:76)
    toCycles (Math/Algebra/Group/PermutationGroup.hs:80)
    cycleOf (Math/Algebra/Group/PermutationGroup.hs:84)
     (Math/Algebra/Group/PermutationGroup.hs:87)
    parity (Math/Algebra/Group/PermutationGroup.hs:91)
    sign (Math/Algebra/Group/PermutationGroup.hs:94)
    orderElt (Math/Algebra/Group/PermutationGroup.hs:96)
    comm (Math/Algebra/Group/PermutationGroup.hs:121)
    closureS (Math/Algebra/Group/PermutationGroup.hs:135)
    closure (Math/Algebra/Group/PermutationGroup.hs:141)
    orbit (Math/Algebra/Group/PermutationGroup.hs:143)
    orbitP (Math/Algebra/Group/PermutationGroup.hs:149)
    orbitV (Math/Algebra/Group/PermutationGroup.hs:150)
    orbitB (Math/Algebra/Group/PermutationGroup.hs:156)
    orbitE (Math/Algebra/Group/PermutationGroup.hs:157)
    action (Math/Algebra/Group/PermutationGroup.hs:160)
    orbits (Math/Algebra/Group/PermutationGroup.hs:166)
    _D (Math/Algebra/Group/PermutationGroup.hs:180)
    _D2 (Math/Algebra/Group/PermutationGroup.hs:182)
    wr (Math/Algebra/Group/PermutationGroup.hs:216)
    toSn (Math/Algebra/Group/PermutationGroup.hs:229)
    fromDigits (Math/Algebra/Group/PermutationGroup.hs:237)
    fromDigits' (Math/Algebra/Group/PermutationGroup.hs:239)
    fromBinary (Math/Algebra/Group/PermutationGroup.hs:246)
    fromBinary' (Math/Algebra/Group/PermutationGroup.hs:248)
    eltsS (Math/Algebra/Group/PermutationGroup.hs:265)
    isMember (Math/Algebra/Group/PermutationGroup.hs:272)
    minsupp (Math/Algebra/Group/PermutationGroup.hs:279)
    orderTGS (Math/Algebra/Group/PermutationGroup.hs:282)
    eltsTGS (Math/Algebra/Group/PermutationGroup.hs:287)
    tgsFromSgs (Math/Algebra/Group/PermutationGroup.hs:294)
    gens (Math/Algebra/Group/PermutationGroup.hs:325)
    ~^^ (Math/Algebra/Group/PermutationGroup.hs:334)
    conjClass (Math/Algebra/Group/PermutationGroup.hs:336)
    reduceGens (Math/Algebra/Group/PermutationGroup.hs:357)
    isSubgp (Math/Algebra/Group/PermutationGroup.hs:368)
    isMinimal (Math/Algebra/Group/PermutationGroup.hs:387)
    centralizer (Math/Algebra/Group/PermutationGroup.hs:396)
    centre (Math/Algebra/Group/PermutationGroup.hs:399)
    normalizer (Math/Algebra/Group/PermutationGroup.hs:404)
    stabilizer (Math/Algebra/Group/PermutationGroup.hs:407)
    ptStab (Math/Algebra/Group/PermutationGroup.hs:410)
    setStab (Math/Algebra/Group/PermutationGroup.hs:413)
    normalClosure (Math/Algebra/Group/PermutationGroup.hs:416)
    commutatorGp (Math/Algebra/Group/PermutationGroup.hs:419)
    derivedSubgp (Math/Algebra/Group/PermutationGroup.hs:426)
    -*- (Math/Algebra/Group/PermutationGroup.hs:431)
    -* (Math/Algebra/Group/PermutationGroup.hs:433)
    *- (Math/Algebra/Group/PermutationGroup.hs:434)
    isSimple (Math/Algebra/Group/PermutationGroup.hs:446)
    cosets (Math/Algebra/Group/PermutationGroup.hs:449)
    ~~^ (Math/Algebra/Group/PermutationGroup.hs:465)
    conjugateSubgps (Math/Algebra/Group/PermutationGroup.hs:467)
    subgpAction (Math/Algebra/Group/PermutationGroup.hs:471)
    rrpr (Math/Algebra/Group/PermutationGroup.hs:480)
    rrpr' (Math/Algebra/Group/PermutationGroup.hs:482)
    permutationMatrix (Math/Algebra/Group/PermutationGroup.hs:484)
  15% (  4 / 27) in 'Math.Algebra.Group.SchreierSims'
  Missing documentation for:
    Module header
    cosetRepsGx (Math/Algebra/Group/SchreierSims.hs:19)
    schreierGeneratorsGx (Math/Algebra/Group/SchreierSims.hs:36)
    sift (Math/Algebra/Group/SchreierSims.hs:46)
    findBase (Math/Algebra/Group/SchreierSims.hs:55)
    bsgs (Math/Algebra/Group/SchreierSims.hs:90)
    bsgs' (Math/Algebra/Group/SchreierSims.hs:94)
    newLevel (Math/Algebra/Group/SchreierSims.hs:98)
    newLevel' (Math/Algebra/Group/SchreierSims.hs:100)
    ss (Math/Algebra/Group/SchreierSims.hs:102)
    ss' (Math/Algebra/Group/SchreierSims.hs:105)
    isMemberBSGS (Math/Algebra/Group/SchreierSims.hs:135)
    eltsBSGS (Math/Algebra/Group/SchreierSims.hs:139)
    cartProd (Math/Algebra/Group/SchreierSims.hs:142)
    orderBSGS (Math/Algebra/Group/SchreierSims.hs:145)
    isSubgp (Math/Algebra/Group/SchreierSims.hs:161)
    isNormal (Math/Algebra/Group/SchreierSims.hs:164)
    index (Math/Algebra/Group/SchreierSims.hs:168)
    reduceGens (Math/Algebra/Group/SchreierSims.hs:172)
    reduceGensBSGS (Math/Algebra/Group/SchreierSims.hs:174)
    normalClosure (Math/Algebra/Group/SchreierSims.hs:184)
    commutatorGp (Math/Algebra/Group/SchreierSims.hs:188)
    derivedSubgp (Math/Algebra/Group/SchreierSims.hs:195)
  15% (  2 / 13) in 'Math.Algebra.Group.RandomSchreierSims'
  Missing documentation for:
    Module header
    testProdRepl (Math/Algebra/Group/RandomSchreierSims.hs:21)
    initProdRepl (Math/Algebra/Group/RandomSchreierSims.hs:28)
    nextProdRepl (Math/Algebra/Group/RandomSchreierSims.hs:37)
    updateArray (Math/Algebra/Group/RandomSchreierSims.hs:45)
    rss (Math/Algebra/Group/RandomSchreierSims.hs:76)
    rss' (Math/Algebra/Group/RandomSchreierSims.hs:80)
    initLevels (Math/Algebra/Group/RandomSchreierSims.hs:88)
    updateLevels (Math/Algebra/Group/RandomSchreierSims.hs:91)
    updateLevels' (Math/Algebra/Group/RandomSchreierSims.hs:98)
    baseTransversalsSGS (Math/Algebra/Group/RandomSchreierSims.hs:110)
  26% (  5 / 19) in 'Math.Algebra.Group.Subquotients'
  Missing documentation for:
    Module header
    isLeft (Math/Algebra/Group/Subquotients.hs:20)
    isRight (Math/Algebra/Group/Subquotients.hs:23)
    unRight (Math/Algebra/Group/Subquotients.hs:27)
    restrictLeft (Math/Algebra/Group/Subquotients.hs:29)
    ptStab (Math/Algebra/Group/Subquotients.hs:34)
    isTransitive (Math/Algebra/Group/Subquotients.hs:61)
    transitiveConstituentHomomorphism' (Math/Algebra/Group/Subquotients.hs:89)
    minimalBlock (Math/Algebra/Group/Subquotients.hs:101)
    isPrimitiveSGS (Math/Algebra/Group/Subquotients.hs:148)
    blockHomomorphism' (Math/Algebra/Group/Subquotients.hs:163)
    normalClosure (Math/Algebra/Group/Subquotients.hs:177)
    intersectionNormalClosure (Math/Algebra/Group/Subquotients.hs:187)
    centralizerSymTrans (Math/Algebra/Group/Subquotients.hs:199)
  67% (  2 /  3) in 'Math.Algebras.GroupAlgebra'
  Missing documentation for:
    GroupAlgebra (Math/Algebras/GroupAlgebra.hs:35)
  30% ( 21 / 71) in 'Math.Combinatorics.Graph'
  Missing documentation for:
    set (Math/Combinatorics/Graph.hs:25)
    powerset (Math/Combinatorics/Graph.hs:28)
     (Math/Combinatorics/Graph.hs:39)
    isSetSystem (Math/Combinatorics/Graph.hs:51)
    isGraph (Math/Combinatorics/Graph.hs:53)
    toGraph (Math/Combinatorics/Graph.hs:62)
    vertices (Math/Combinatorics/Graph.hs:67)
    edges (Math/Combinatorics/Graph.hs:69)
    incidenceMatrix (Math/Combinatorics/Graph.hs:77)
    fromIncidenceMatrix (Math/Combinatorics/Graph.hs:79)
    adjacencyMatrix (Math/Combinatorics/Graph.hs:85)
    fromAdjacencyMatrix (Math/Combinatorics/Graph.hs:89)
    q' (Math/Combinatorics/Graph.hs:135)
    tetrahedron (Math/Combinatorics/Graph.hs:143)
    cube (Math/Combinatorics/Graph.hs:145)
    octahedron (Math/Combinatorics/Graph.hs:147)
    dodecahedron (Math/Combinatorics/Graph.hs:151)
    icosahedron (Math/Combinatorics/Graph.hs:159)
    prism (Math/Combinatorics/Graph.hs:170)
    to1n (Math/Combinatorics/Graph.hs:175)
    petersen (Math/Combinatorics/Graph.hs:202)
    complement (Math/Combinatorics/Graph.hs:213)
    inducedSubgraph (Math/Combinatorics/Graph.hs:222)
    lineGraph (Math/Combinatorics/Graph.hs:226)
    lineGraph' (Math/Combinatorics/Graph.hs:228)
    cartProd (Math/Combinatorics/Graph.hs:234)
    order (Math/Combinatorics/Graph.hs:244)
    size (Math/Combinatorics/Graph.hs:246)
    valency (Math/Combinatorics/Graph.hs:249)
    valencies (Math/Combinatorics/Graph.hs:251)
    valencyPartition (Math/Combinatorics/Graph.hs:253)
    regularParam (Math/Combinatorics/Graph.hs:255)
    nbrs (Math/Combinatorics/Graph.hs:269)
    findPaths (Math/Combinatorics/Graph.hs:277)
    findCycles (Math/Combinatorics/Graph.hs:300)
    distancePartition (Math/Combinatorics/Graph.hs:317)
    distancePartitionS (Math/Combinatorics/Graph.hs:319)
    component (Math/Combinatorics/Graph.hs:326)
    components (Math/Combinatorics/Graph.hs:340)
    j (Math/Combinatorics/Graph.hs:349)
    johnson (Math/Combinatorics/Graph.hs:363)
    bipartiteKneser (Math/Combinatorics/Graph.hs:366)
    desargues1 (Math/Combinatorics/Graph.hs:371)
    gp (Math/Combinatorics/Graph.hs:376)
    petersen2 (Math/Combinatorics/Graph.hs:382)
    prism' (Math/Combinatorics/Graph.hs:383)
    durer (Math/Combinatorics/Graph.hs:384)
    mobiusKantor (Math/Combinatorics/Graph.hs:385)
    dodecahedron2 (Math/Combinatorics/Graph.hs:386)
    desargues2 (Math/Combinatorics/Graph.hs:387)
  55% ( 11 / 20) in 'Math.Combinatorics.GraphAuts'
  Missing documentation for:
    Module header
    is2ArcTransitive (Math/Combinatorics/GraphAuts.hs:99)
    is3ArcTransitive (Math/Combinatorics/GraphAuts.hs:102)
    is4ArcTransitive (Math/Combinatorics/GraphAuts.hs:106)
    graphAuts7 (Math/Combinatorics/GraphAuts.hs:557)
    graphAuts8 (Math/Combinatorics/GraphAuts.hs:560)
    incidenceAuts2 (Math/Combinatorics/GraphAuts.hs:621)
    graphIsos (Math/Combinatorics/GraphAuts.hs:631)
    incidenceIsos (Math/Combinatorics/GraphAuts.hs:688)
  37% ( 11 / 30) in 'Math.Combinatorics.FiniteGeometry'
  Missing documentation for:
    pnf (Math/Combinatorics/FiniteGeometry.hs:38)
    ispnf (Math/Combinatorics/FiniteGeometry.hs:42)
    lineAG (Math/Combinatorics/FiniteGeometry.hs:69)
    linePG (Math/Combinatorics/FiniteGeometry.hs:84)
    qtorial (Math/Combinatorics/FiniteGeometry.hs:88)
    qnomial (Math/Combinatorics/FiniteGeometry.hs:91)
    numFlatsPG (Math/Combinatorics/FiniteGeometry.hs:94)
    numFlatsAG (Math/Combinatorics/FiniteGeometry.hs:97)
    qtorials (Math/Combinatorics/FiniteGeometry.hs:100)
    qnomials (Math/Combinatorics/FiniteGeometry.hs:102)
    ZeroOneStar (Math/Combinatorics/FiniteGeometry.hs:113)
     (Math/Combinatorics/FiniteGeometry.hs:115)
    rrefs (Math/Combinatorics/FiniteGeometry.hs:121)
    linesAG1 (Math/Combinatorics/FiniteGeometry.hs:173)
    linesAG2 (Math/Combinatorics/FiniteGeometry.hs:179)
    orderGL (Math/Combinatorics/FiniteGeometry.hs:215)
    orderAff (Math/Combinatorics/FiniteGeometry.hs:220)
    orderPGL (Math/Combinatorics/FiniteGeometry.hs:222)
    heawood (Math/Combinatorics/FiniteGeometry.hs:231)
   7% (  1 / 14) in 'Math.Algebras.Octonions'
  Missing documentation for:
    OBasis (Math/Algebras/Octonions.hs:26)
    Octonion (Math/Algebras/Octonions.hs:29)
     (Math/Algebras/Octonions.hs:31)
    i0 (Math/Algebras/Octonions.hs:36)
    i1 (Math/Algebras/Octonions.hs:36)
    i2 (Math/Algebras/Octonions.hs:36)
    i3 (Math/Algebras/Octonions.hs:36)
    i4 (Math/Algebras/Octonions.hs:36)
    i5 (Math/Algebras/Octonions.hs:36)
    i6 (Math/Algebras/Octonions.hs:36)
    i_ (Math/Algebras/Octonions.hs:45)
     (Math/Algebras/Octonions.hs:48)
     (Math/Algebras/Octonions.hs:62)
  41% ( 18 / 44) in 'Math.Combinatorics.Poset'
  Missing documentation for:
    Module header
     (Math/Combinatorics/Poset.hs:24)
     (Math/Combinatorics/Poset.hs:31)
    implies (Math/Combinatorics/Poset.hs:34)
    isReflexive (Math/Combinatorics/Poset.hs:36)
    isAntisymmetric (Math/Combinatorics/Poset.hs:37)
    isTransitive (Math/Combinatorics/Poset.hs:38)
    isPoset (Math/Combinatorics/Poset.hs:40)
    poset (Math/Combinatorics/Poset.hs:42)
    intervals (Math/Combinatorics/Poset.hs:50)
    interval (Math/Combinatorics/Poset.hs:52)
    divides (Math/Combinatorics/Poset.hs:75)
    divisors (Math/Combinatorics/Poset.hs:77)
    powerset (Math/Combinatorics/Poset.hs:91)
    partitions (Math/Combinatorics/Poset.hs:112)
    isRefinement (Math/Combinatorics/Poset.hs:118)
    intervalPartitions (Math/Combinatorics/Poset.hs:132)
    isInterval (Math/Combinatorics/Poset.hs:134)
    intervalPartitions2 (Math/Combinatorics/Poset.hs:137)
    integerPartitions (Math/Combinatorics/Poset.hs:147)
    isIPRefinement (Math/Combinatorics/Poset.hs:153)
    subspaces (Math/Combinatorics/Poset.hs:182)
    isSubspace (Math/Combinatorics/Poset.hs:186)
    isOrderPreserving (Math/Combinatorics/Poset.hs:259)
    orderIsos01 (Math/Combinatorics/Poset.hs:267)
    orderAuts1 (Math/Combinatorics/Poset.hs:300)
  30% ( 44 /145) in 'Math.Combinatorics.CombinatorialHopfAlgebra'
  Missing documentation for:
    shuffles (Math/Combinatorics/CombinatorialHopfAlgebra.hs:68)
     (Math/Combinatorics/CombinatorialHopfAlgebra.hs:72)
    deconcatenations (Math/Combinatorics/CombinatorialHopfAlgebra.hs:77)
     (Math/Combinatorics/CombinatorialHopfAlgebra.hs:79)
     (Math/Combinatorics/CombinatorialHopfAlgebra.hs:84)
     (Math/Combinatorics/CombinatorialHopfAlgebra.hs:86)
     (Math/Combinatorics/CombinatorialHopfAlgebra.hs:102)
     (Math/Combinatorics/CombinatorialHopfAlgebra.hs:105)
    shiftedConcat (Math/Combinatorics/CombinatorialHopfAlgebra.hs:117)
    prop_Associative (Math/Combinatorics/CombinatorialHopfAlgebra.hs:119)
     (Math/Combinatorics/CombinatorialHopfAlgebra.hs:125)
    flatten (Math/Combinatorics/CombinatorialHopfAlgebra.hs:134)
     (Math/Combinatorics/CombinatorialHopfAlgebra.hs:137)
     (Math/Combinatorics/CombinatorialHopfAlgebra.hs:143)
     (Math/Combinatorics/CombinatorialHopfAlgebra.hs:145)
     (Math/Combinatorics/CombinatorialHopfAlgebra.hs:160)
     (Math/Combinatorics/CombinatorialHopfAlgebra.hs:177)
     (Math/Combinatorics/CombinatorialHopfAlgebra.hs:180)
    inversions (Math/Combinatorics/CombinatorialHopfAlgebra.hs:190)
    weakOrder (Math/Combinatorics/CombinatorialHopfAlgebra.hs:194)
    mu (Math/Combinatorics/CombinatorialHopfAlgebra.hs:196)
     (Math/Combinatorics/CombinatorialHopfAlgebra.hs:233)
     (Math/Combinatorics/CombinatorialHopfAlgebra.hs:249)
     (Math/Combinatorics/CombinatorialHopfAlgebra.hs:258)
     (Math/Combinatorics/CombinatorialHopfAlgebra.hs:260)
     (Math/Combinatorics/CombinatorialHopfAlgebra.hs:265)
     (Math/Combinatorics/CombinatorialHopfAlgebra.hs:277)
     (Math/Combinatorics/CombinatorialHopfAlgebra.hs:286)
     (Math/Combinatorics/CombinatorialHopfAlgebra.hs:288)
     (Math/Combinatorics/CombinatorialHopfAlgebra.hs:295)
     (Math/Combinatorics/CombinatorialHopfAlgebra.hs:319)
     (Math/Combinatorics/CombinatorialHopfAlgebra.hs:325)
    nodecount (Math/Combinatorics/CombinatorialHopfAlgebra.hs:336)
    leafcount (Math/Combinatorics/CombinatorialHopfAlgebra.hs:340)
    prefix (Math/Combinatorics/CombinatorialHopfAlgebra.hs:343)
    shapeSignature (Math/Combinatorics/CombinatorialHopfAlgebra.hs:350)
    nodeCountTree (Math/Combinatorics/CombinatorialHopfAlgebra.hs:354)
    leafCountTree (Math/Combinatorics/CombinatorialHopfAlgebra.hs:360)
    lrCountTree (Math/Combinatorics/CombinatorialHopfAlgebra.hs:367)
    shape (Math/Combinatorics/CombinatorialHopfAlgebra.hs:374)
    numbered (Math/Combinatorics/CombinatorialHopfAlgebra.hs:378)
    splits (Math/Combinatorics/CombinatorialHopfAlgebra.hs:384)
     (Math/Combinatorics/CombinatorialHopfAlgebra.hs:387)
    multisplits (Math/Combinatorics/CombinatorialHopfAlgebra.hs:394)
    graft (Math/Combinatorics/CombinatorialHopfAlgebra.hs:398)
     (Math/Combinatorics/CombinatorialHopfAlgebra.hs:402)
     (Math/Combinatorics/CombinatorialHopfAlgebra.hs:408)
     (Math/Combinatorics/CombinatorialHopfAlgebra.hs:410)
     (Math/Combinatorics/CombinatorialHopfAlgebra.hs:419)
     (Math/Combinatorics/CombinatorialHopfAlgebra.hs:474)
     (Math/Combinatorics/CombinatorialHopfAlgebra.hs:478)
     (Math/Combinatorics/CombinatorialHopfAlgebra.hs:486)
     (Math/Combinatorics/CombinatorialHopfAlgebra.hs:488)
    quasiShuffles (Math/Combinatorics/CombinatorialHopfAlgebra.hs:508)
     (Math/Combinatorics/CombinatorialHopfAlgebra.hs:519)
     (Math/Combinatorics/CombinatorialHopfAlgebra.hs:522)
     (Math/Combinatorics/CombinatorialHopfAlgebra.hs:530)
     (Math/Combinatorics/CombinatorialHopfAlgebra.hs:535)
     (Math/Combinatorics/CombinatorialHopfAlgebra.hs:540)
     (Math/Combinatorics/CombinatorialHopfAlgebra.hs:542)
    coarsenings (Math/Combinatorics/CombinatorialHopfAlgebra.hs:547)
    refinements (Math/Combinatorics/CombinatorialHopfAlgebra.hs:550)
     (Math/Combinatorics/CombinatorialHopfAlgebra.hs:557)
     (Math/Combinatorics/CombinatorialHopfAlgebra.hs:560)
     (Math/Combinatorics/CombinatorialHopfAlgebra.hs:578)
     (Math/Combinatorics/CombinatorialHopfAlgebra.hs:582)
     (Math/Combinatorics/CombinatorialHopfAlgebra.hs:586)
     (Math/Combinatorics/CombinatorialHopfAlgebra.hs:588)
     (Math/Combinatorics/CombinatorialHopfAlgebra.hs:612)
     (Math/Combinatorics/CombinatorialHopfAlgebra.hs:620)
    compositionsFromPartition (Math/Combinatorics/CombinatorialHopfAlgebra.hs:631)
    symMult (Math/Combinatorics/CombinatorialHopfAlgebra.hs:635)
     (Math/Combinatorics/CombinatorialHopfAlgebra.hs:638)
     (Math/Combinatorics/CombinatorialHopfAlgebra.hs:643)
     (Math/Combinatorics/CombinatorialHopfAlgebra.hs:645)
    symE (Math/Combinatorics/CombinatorialHopfAlgebra.hs:656)
     (Math/Combinatorics/CombinatorialHopfAlgebra.hs:660)
     (Math/Combinatorics/CombinatorialHopfAlgebra.hs:664)
     (Math/Combinatorics/CombinatorialHopfAlgebra.hs:672)
    symH (Math/Combinatorics/CombinatorialHopfAlgebra.hs:686)
     (Math/Combinatorics/CombinatorialHopfAlgebra.hs:690)
     (Math/Combinatorics/CombinatorialHopfAlgebra.hs:694)
     (Math/Combinatorics/CombinatorialHopfAlgebra.hs:702)
    nsym (Math/Combinatorics/CombinatorialHopfAlgebra.hs:716)
     (Math/Combinatorics/CombinatorialHopfAlgebra.hs:721)
     (Math/Combinatorics/CombinatorialHopfAlgebra.hs:726)
     (Math/Combinatorics/CombinatorialHopfAlgebra.hs:734)
     (Math/Combinatorics/CombinatorialHopfAlgebra.hs:737)
    descendingTree (Math/Combinatorics/CombinatorialHopfAlgebra.hs:746)
    minPerm (Math/Combinatorics/CombinatorialHopfAlgebra.hs:782)
    maxPerm (Math/Combinatorics/CombinatorialHopfAlgebra.hs:786)
    leftLeafComposition (Math/Combinatorics/CombinatorialHopfAlgebra.hs:794)
    leftLeafComposition' (Math/Combinatorics/CombinatorialHopfAlgebra.hs:803)
    descents (Math/Combinatorics/CombinatorialHopfAlgebra.hs:811)
    descentComposition (Math/Combinatorics/CombinatorialHopfAlgebra.hs:815)
    underComposition (Math/Combinatorics/CombinatorialHopfAlgebra.hs:828)
    under (Math/Combinatorics/CombinatorialHopfAlgebra.hs:863)
    isUnderIrreducible (Math/Combinatorics/CombinatorialHopfAlgebra.hs:866)
    underDecomposition (Math/Combinatorics/CombinatorialHopfAlgebra.hs:869)
    ysymmToSh (Math/Combinatorics/CombinatorialHopfAlgebra.hs:875)
    nsymToSSym (Math/Combinatorics/CombinatorialHopfAlgebra.hs:903)
   2% (  1 / 41) in 'Math.Projects.ChevalleyGroup.Exceptional'
  Missing documentation for:
    Module header
    Octonion (Math/Projects/ChevalleyGroup/Exceptional.hs:28)
    i0 (Math/Projects/ChevalleyGroup/Exceptional.hs:30)
    i1 (Math/Projects/ChevalleyGroup/Exceptional.hs:30)
    i2 (Math/Projects/ChevalleyGroup/Exceptional.hs:30)
    i3 (Math/Projects/ChevalleyGroup/Exceptional.hs:30)
    i4 (Math/Projects/ChevalleyGroup/Exceptional.hs:30)
    i5 (Math/Projects/ChevalleyGroup/Exceptional.hs:30)
    i6 (Math/Projects/ChevalleyGroup/Exceptional.hs:30)
    fromList (Math/Projects/ChevalleyGroup/Exceptional.hs:39)
    toList (Math/Projects/ChevalleyGroup/Exceptional.hs:41)
    expose (Math/Projects/ChevalleyGroup/Exceptional.hs:47)
     (Math/Projects/ChevalleyGroup/Exceptional.hs:49)
     (Math/Projects/ChevalleyGroup/Exceptional.hs:65)
    nf (Math/Projects/ChevalleyGroup/Exceptional.hs:72)
    m (Math/Projects/ChevalleyGroup/Exceptional.hs:79)
    conj (Math/Projects/ChevalleyGroup/Exceptional.hs:92)
    sqnorm (Math/Projects/ChevalleyGroup/Exceptional.hs:94)
     (Math/Projects/ChevalleyGroup/Exceptional.hs:96)
    isOrthogonal (Math/Projects/ChevalleyGroup/Exceptional.hs:102)
    antiCommutes (Math/Projects/ChevalleyGroup/Exceptional.hs:110)
    octonions (Math/Projects/ChevalleyGroup/Exceptional.hs:123)
    isUnit (Math/Projects/ChevalleyGroup/Exceptional.hs:125)
    unitImagOctonions (Math/Projects/ChevalleyGroup/Exceptional.hs:127)
    autFrom (Math/Projects/ChevalleyGroup/Exceptional.hs:133)
    %^ (Math/Projects/ChevalleyGroup/Exceptional.hs:144)
    alpha3 (Math/Projects/ChevalleyGroup/Exceptional.hs:151)
    beta3 (Math/Projects/ChevalleyGroup/Exceptional.hs:152)
    gamma3s (Math/Projects/ChevalleyGroup/Exceptional.hs:154)
    gamma3 (Math/Projects/ChevalleyGroup/Exceptional.hs:156)
    alpha3' (Math/Projects/ChevalleyGroup/Exceptional.hs:158)
    beta3' (Math/Projects/ChevalleyGroup/Exceptional.hs:159)
    gamma3' (Math/Projects/ChevalleyGroup/Exceptional.hs:160)
    alpha4 (Math/Projects/ChevalleyGroup/Exceptional.hs:176)
    beta4 (Math/Projects/ChevalleyGroup/Exceptional.hs:177)
    gamma4s (Math/Projects/ChevalleyGroup/Exceptional.hs:179)
    gamma4 (Math/Projects/ChevalleyGroup/Exceptional.hs:182)
    alpha4' (Math/Projects/ChevalleyGroup/Exceptional.hs:184)
    beta4' (Math/Projects/ChevalleyGroup/Exceptional.hs:185)
    gamma4' (Math/Projects/ChevalleyGroup/Exceptional.hs:186)
   0% (  0 / 29) in 'Math.Projects.Rubik'
  Missing documentation for:
    Module header
    f (Math/Projects/Rubik.hs:23)
    b (Math/Projects/Rubik.hs:24)
    l (Math/Projects/Rubik.hs:25)
    r (Math/Projects/Rubik.hs:26)
    u (Math/Projects/Rubik.hs:27)
    d (Math/Projects/Rubik.hs:28)
    rubikCube (Math/Projects/Rubik.hs:30)
    cornerFaces (Math/Projects/Rubik.hs:33)
    kerCornerFaces (Math/Projects/Rubik.hs:35)
    kerEdgeFaces (Math/Projects/Rubik.hs:39)
    cornerBlocks (Math/Projects/Rubik.hs:43)
    edgeBlocks (Math/Projects/Rubik.hs:44)
    kerCornerBlocks (Math/Projects/Rubik.hs:46)
    kerEdgeBlocks (Math/Projects/Rubik.hs:52)
    _U (Math/Projects/Rubik.hs:85)
    _u (Math/Projects/Rubik.hs:87)
    _d (Math/Projects/Rubik.hs:88)
    _D (Math/Projects/Rubik.hs:89)
    bf (Math/Projects/Rubik.hs:92)
    _R (Math/Projects/Rubik.hs:99)
    _r (Math/Projects/Rubik.hs:100)
    _l (Math/Projects/Rubik.hs:101)
    _L (Math/Projects/Rubik.hs:102)
    ud (Math/Projects/Rubik.hs:104)
    _B (Math/Projects/Rubik.hs:106)
    _b (Math/Projects/Rubik.hs:107)
    _f (Math/Projects/Rubik.hs:108)
    _F (Math/Projects/Rubik.hs:109)
  17% (  2 / 12) in 'Math.Algebra.Group.CayleyGraph'
  Missing documentation for:
    Module header
    Digraph (Math/Algebra/Group/CayleyGraph.hs:18)
    cayleyDigraphP (Math/Algebra/Group/CayleyGraph.hs:21)
    cayleyDigraphS (Math/Algebra/Group/CayleyGraph.hs:35)
    fromTranspositions (Math/Algebra/Group/CayleyGraph.hs:59)
    fromTrans (Math/Algebra/Group/CayleyGraph.hs:62)
    bubblesort (Math/Algebra/Group/CayleyGraph.hs:67)
    toTrans (Math/Algebra/Group/CayleyGraph.hs:73)
    toTranspositions (Math/Algebra/Group/CayleyGraph.hs:86)
    inversions (Math/Algebra/Group/CayleyGraph.hs:101)
  14% (  9 / 66) in 'Math.Algebra.Field.Base'
  Missing documentation for:
    Module header
     (Math/Algebra/Field/Base.hs:16)
    numeratorQ (Math/Algebra/Field/Base.hs:23)
    denominatorQ (Math/Algebra/Field/Base.hs:24)
    extendedEuclid (Math/Algebra/Field/Base.hs:30)
    Fp (Math/Algebra/Field/Base.hs:37)
     (Math/Algebra/Field/Base.hs:39)
     (Math/Algebra/Field/Base.hs:42)
     (Math/Algebra/Field/Base.hs:52)
    FiniteField (Math/Algebra/Field/Base.hs:59)
     (Math/Algebra/Field/Base.hs:63)
     (Math/Algebra/Field/Base.hs:67)
    primitiveElt (Math/Algebra/Field/Base.hs:70)
    powers (Math/Algebra/Field/Base.hs:73)
    char (Math/Algebra/Field/Base.hs:77)
    F11 (Math/Algebra/Field/Base.hs:108)
    f11 (Math/Algebra/Field/Base.hs:109)
    F13 (Math/Algebra/Field/Base.hs:111)
    f13 (Math/Algebra/Field/Base.hs:112)
    F17 (Math/Algebra/Field/Base.hs:114)
    f17 (Math/Algebra/Field/Base.hs:115)
    F19 (Math/Algebra/Field/Base.hs:117)
    f19 (Math/Algebra/Field/Base.hs:118)
    F23 (Math/Algebra/Field/Base.hs:120)
    f23 (Math/Algebra/Field/Base.hs:121)
    F29 (Math/Algebra/Field/Base.hs:123)
    f29 (Math/Algebra/Field/Base.hs:124)
    F31 (Math/Algebra/Field/Base.hs:126)
    f31 (Math/Algebra/Field/Base.hs:127)
    F37 (Math/Algebra/Field/Base.hs:129)
    f37 (Math/Algebra/Field/Base.hs:130)
    F41 (Math/Algebra/Field/Base.hs:132)
    f41 (Math/Algebra/Field/Base.hs:133)
    F43 (Math/Algebra/Field/Base.hs:135)
    f43 (Math/Algebra/Field/Base.hs:136)
    F47 (Math/Algebra/Field/Base.hs:138)
    f47 (Math/Algebra/Field/Base.hs:139)
    F53 (Math/Algebra/Field/Base.hs:141)
    f53 (Math/Algebra/Field/Base.hs:142)
    F59 (Math/Algebra/Field/Base.hs:144)
    f59 (Math/Algebra/Field/Base.hs:145)
    F61 (Math/Algebra/Field/Base.hs:147)
    f61 (Math/Algebra/Field/Base.hs:148)
    F67 (Math/Algebra/Field/Base.hs:150)
    f67 (Math/Algebra/Field/Base.hs:151)
    F71 (Math/Algebra/Field/Base.hs:153)
    f71 (Math/Algebra/Field/Base.hs:154)
    F73 (Math/Algebra/Field/Base.hs:156)
    f73 (Math/Algebra/Field/Base.hs:157)
    F79 (Math/Algebra/Field/Base.hs:159)
    f79 (Math/Algebra/Field/Base.hs:160)
    F83 (Math/Algebra/Field/Base.hs:162)
    f83 (Math/Algebra/Field/Base.hs:163)
    F89 (Math/Algebra/Field/Base.hs:165)
    f89 (Math/Algebra/Field/Base.hs:166)
    F97 (Math/Algebra/Field/Base.hs:168)
    f97 (Math/Algebra/Field/Base.hs:169)
   0% (  0 / 82) in 'Math.Algebra.Field.Extension'
  Missing documentation for:
    Module header
    UPoly (Math/Algebra/Field/Extension.hs:19)
    x (Math/Algebra/Field/Extension.hs:22)
     (Math/Algebra/Field/Extension.hs:24)
    showUP (Math/Algebra/Field/Extension.hs:28)
     (Math/Algebra/Field/Extension.hs:45)
    toUPoly (Math/Algebra/Field/Extension.hs:54)
    <+> (Math/Algebra/Field/Extension.hs:58)
    <*> (Math/Algebra/Field/Extension.hs:67)
    convert (Math/Algebra/Field/Extension.hs:81)
    deg (Math/Algebra/Field/Extension.hs:92)
    lt (Math/Algebra/Field/Extension.hs:95)
    monomial (Math/Algebra/Field/Extension.hs:97)
    quotRemUP (Math/Algebra/Field/Extension.hs:100)
    modUP (Math/Algebra/Field/Extension.hs:110)
    extendedEuclidUP (Math/Algebra/Field/Extension.hs:113)
    PolynomialAsType (Math/Algebra/Field/Extension.hs:122)
    ExtensionField (Math/Algebra/Field/Extension.hs:125)
     (Math/Algebra/Field/Extension.hs:127)
     (Math/Algebra/Field/Extension.hs:132)
     (Math/Algebra/Field/Extension.hs:140)
    /> (Math/Algebra/Field/Extension.hs:149)
     (Math/Algebra/Field/Extension.hs:152)
     (Math/Algebra/Field/Extension.hs:160)
    embed (Math/Algebra/Field/Extension.hs:165)
    polys (Math/Algebra/Field/Extension.hs:170)
    ConwayF4 (Math/Algebra/Field/Extension.hs:177)
     (Math/Algebra/Field/Extension.hs:178)
    F4 (Math/Algebra/Field/Extension.hs:179)
    f4 (Math/Algebra/Field/Extension.hs:180)
    a4 (Math/Algebra/Field/Extension.hs:181)
    ConwayF8 (Math/Algebra/Field/Extension.hs:183)
     (Math/Algebra/Field/Extension.hs:184)
    F8 (Math/Algebra/Field/Extension.hs:185)
    f8 (Math/Algebra/Field/Extension.hs:186)
    a8 (Math/Algebra/Field/Extension.hs:187)
    ConwayF9 (Math/Algebra/Field/Extension.hs:189)
     (Math/Algebra/Field/Extension.hs:190)
    F9 (Math/Algebra/Field/Extension.hs:191)
    f9 (Math/Algebra/Field/Extension.hs:192)
    a9 (Math/Algebra/Field/Extension.hs:193)
    ConwayF16 (Math/Algebra/Field/Extension.hs:195)
     (Math/Algebra/Field/Extension.hs:196)
    F16 (Math/Algebra/Field/Extension.hs:197)
    f16 (Math/Algebra/Field/Extension.hs:198)
    a16 (Math/Algebra/Field/Extension.hs:199)
    ConwayF25 (Math/Algebra/Field/Extension.hs:201)
     (Math/Algebra/Field/Extension.hs:202)
    F25 (Math/Algebra/Field/Extension.hs:203)
    f25 (Math/Algebra/Field/Extension.hs:204)
    a25 (Math/Algebra/Field/Extension.hs:205)
    ConwayF27 (Math/Algebra/Field/Extension.hs:207)
     (Math/Algebra/Field/Extension.hs:208)
    F27 (Math/Algebra/Field/Extension.hs:209)
    f27 (Math/Algebra/Field/Extension.hs:210)
    a27 (Math/Algebra/Field/Extension.hs:211)
    ConwayF32 (Math/Algebra/Field/Extension.hs:213)
     (Math/Algebra/Field/Extension.hs:214)
    F32 (Math/Algebra/Field/Extension.hs:215)
    f32 (Math/Algebra/Field/Extension.hs:216)
    a32 (Math/Algebra/Field/Extension.hs:217)
    frobeniusAut (Math/Algebra/Field/Extension.hs:221)
    degree (Math/Algebra/Field/Extension.hs:226)
    Sqrt (Math/Algebra/Field/Extension.hs:235)
     (Math/Algebra/Field/Extension.hs:238)
    QSqrt2 (Math/Algebra/Field/Extension.hs:241)
    sqrt2 (Math/Algebra/Field/Extension.hs:242)
    QSqrt3 (Math/Algebra/Field/Extension.hs:244)
    sqrt3 (Math/Algebra/Field/Extension.hs:245)
    QSqrt5 (Math/Algebra/Field/Extension.hs:247)
    sqrt5 (Math/Algebra/Field/Extension.hs:248)
    QSqrt7 (Math/Algebra/Field/Extension.hs:250)
    sqrt7 (Math/Algebra/Field/Extension.hs:251)
    QSqrtMinus1 (Math/Algebra/Field/Extension.hs:253)
    i (Math/Algebra/Field/Extension.hs:254)
    QSqrtMinus2 (Math/Algebra/Field/Extension.hs:257)
    sqrtminus2 (Math/Algebra/Field/Extension.hs:258)
    QSqrtMinus3 (Math/Algebra/Field/Extension.hs:260)
    sqrtminus3 (Math/Algebra/Field/Extension.hs:261)
    QSqrtMinus5 (Math/Algebra/Field/Extension.hs:263)
    sqrtminus5 (Math/Algebra/Field/Extension.hs:264)
    conjugate (Math/Algebra/Field/Extension.hs:269)
   6% (  2 / 32) in 'Math.Algebra.NonCommutative.NCPoly'
  Missing documentation for:
    Monomial (Math/Algebra/NonCommutative/NCPoly.hs:12)
     (Math/Algebra/NonCommutative/NCPoly.hs:14)
     (Math/Algebra/NonCommutative/NCPoly.hs:18)
     (Math/Algebra/NonCommutative/NCPoly.hs:26)
    divM (Math/Algebra/NonCommutative/NCPoly.hs:31)
    NPoly (Math/Algebra/NonCommutative/NCPoly.hs:41)
     (Math/Algebra/NonCommutative/NCPoly.hs:43)
     (Math/Algebra/NonCommutative/NCPoly.hs:46)
     (Math/Algebra/NonCommutative/NCPoly.hs:61)
    cmpTerm (Math/Algebra/NonCommutative/NCPoly.hs:68)
    mergeTerms (Math/Algebra/NonCommutative/NCPoly.hs:71)
    collect (Math/Algebra/NonCommutative/NCPoly.hs:79)
     (Math/Algebra/NonCommutative/NCPoly.hs:88)
    Var (Math/Algebra/NonCommutative/NCPoly.hs:96)
     (Math/Algebra/NonCommutative/NCPoly.hs:98)
    x (Math/Algebra/NonCommutative/NCPoly.hs:108)
    y (Math/Algebra/NonCommutative/NCPoly.hs:109)
    z (Math/Algebra/NonCommutative/NCPoly.hs:110)
    lm (Math/Algebra/NonCommutative/NCPoly.hs:115)
    lc (Math/Algebra/NonCommutative/NCPoly.hs:116)
    lt (Math/Algebra/NonCommutative/NCPoly.hs:117)
    quotRemNP (Math/Algebra/NonCommutative/NCPoly.hs:120)
    remNP (Math/Algebra/NonCommutative/NCPoly.hs:138)
    %% (Math/Algebra/NonCommutative/NCPoly.hs:158)
    remNP2 (Math/Algebra/NonCommutative/NCPoly.hs:164)
    toMonic (Math/Algebra/NonCommutative/NCPoly.hs:187)
    inject (Math/Algebra/NonCommutative/NCPoly.hs:193)
    subst (Math/Algebra/NonCommutative/NCPoly.hs:198)
    Invertible (Math/Algebra/NonCommutative/NCPoly.hs:210)
    ^- (Math/Algebra/NonCommutative/NCPoly.hs:213)
   0% (  0 / 10) in 'Math.Algebra.NonCommutative.GSBasis'
  Missing documentation for:
    Module header
    findOverlap (Math/Algebra/NonCommutative/GSBasis.hs:11)
    sPoly (Math/Algebra/NonCommutative/GSBasis.hs:21)
    gb1 (Math/Algebra/NonCommutative/GSBasis.hs:29)
    reduce (Math/Algebra/NonCommutative/GSBasis.hs:34)
    gb (Math/Algebra/NonCommutative/GSBasis.hs:40)
    gb' (Math/Algebra/NonCommutative/GSBasis.hs:42)
    gb2 (Math/Algebra/NonCommutative/GSBasis.hs:45)
    gb2' (Math/Algebra/NonCommutative/GSBasis.hs:51)
    mbasisQA (Math/Algebra/NonCommutative/GSBasis.hs:59)
   3% (  1 / 34) in 'Math.Algebra.NonCommutative.TensorAlgebra'
  Missing documentation for:
    Basis (Math/Algebra/NonCommutative/TensorAlgebra.hs:18)
     (Math/Algebra/NonCommutative/TensorAlgebra.hs:20)
    e_ (Math/Algebra/NonCommutative/TensorAlgebra.hs:23)
    e1 (Math/Algebra/NonCommutative/TensorAlgebra.hs:25)
    e2 (Math/Algebra/NonCommutative/TensorAlgebra.hs:26)
    e3 (Math/Algebra/NonCommutative/TensorAlgebra.hs:27)
    e4 (Math/Algebra/NonCommutative/TensorAlgebra.hs:28)
    dim (Math/Algebra/NonCommutative/TensorAlgebra.hs:31)
    tensorBasis (Math/Algebra/NonCommutative/TensorAlgebra.hs:34)
    extRelations (Math/Algebra/NonCommutative/TensorAlgebra.hs:41)
    extnf (Math/Algebra/NonCommutative/TensorAlgebra.hs:44)
    exteriorBasis (Math/Algebra/NonCommutative/TensorAlgebra.hs:47)
    symRelations (Math/Algebra/NonCommutative/TensorAlgebra.hs:54)
    symnf (Math/Algebra/NonCommutative/TensorAlgebra.hs:56)
    symmetricBasis (Math/Algebra/NonCommutative/TensorAlgebra.hs:59)
    weylRelations (Math/Algebra/NonCommutative/TensorAlgebra.hs:77)
    weylnf (Math/Algebra/NonCommutative/TensorAlgebra.hs:80)
    weylBasis (Math/Algebra/NonCommutative/TensorAlgebra.hs:82)
    WeylGens (Math/Algebra/NonCommutative/TensorAlgebra.hs:87)
     (Math/Algebra/NonCommutative/TensorAlgebra.hs:89)
    d_ (Math/Algebra/NonCommutative/TensorAlgebra.hs:93)
    x_ (Math/Algebra/NonCommutative/TensorAlgebra.hs:94)
    d1 (Math/Algebra/NonCommutative/TensorAlgebra.hs:96)
    d2 (Math/Algebra/NonCommutative/TensorAlgebra.hs:97)
    d3 (Math/Algebra/NonCommutative/TensorAlgebra.hs:98)
    x1 (Math/Algebra/NonCommutative/TensorAlgebra.hs:100)
    x2 (Math/Algebra/NonCommutative/TensorAlgebra.hs:101)
    x3 (Math/Algebra/NonCommutative/TensorAlgebra.hs:102)
    comm (Math/Algebra/NonCommutative/TensorAlgebra.hs:104)
    delta (Math/Algebra/NonCommutative/TensorAlgebra.hs:106)
    weylRelations' (Math/Algebra/NonCommutative/TensorAlgebra.hs:108)
    weylnf' (Math/Algebra/NonCommutative/TensorAlgebra.hs:112)
    weylBasis' (Math/Algebra/NonCommutative/TensorAlgebra.hs:115)
  22% (  4 / 18) in 'Math.Algebras.Commutative'
  Missing documentation for:
    GlexMonomial (Math/Algebras/Commutative.hs:22)
     (Math/Algebras/Commutative.hs:27)
     (Math/Algebras/Commutative.hs:30)
     (Math/Algebras/Commutative.hs:60)
     (Math/Algebras/Commutative.hs:68)
    GlexPoly (Math/Algebras/Commutative.hs:73)
    Monomial (Math/Algebras/Commutative.hs:84)
     (Math/Algebras/Commutative.hs:97)
    lt (Math/Algebras/Commutative.hs:104)
    DivisionBasis (Math/Algebras/Commutative.hs:106)
    dividesT (Math/Algebras/Commutative.hs:110)
    divT (Math/Algebras/Commutative.hs:111)
    quotRemMP (Math/Algebras/Commutative.hs:114)
     (Math/Algebras/Commutative.hs:138)
   5% (  1 / 19) in 'Math.Algebras.AffinePlane'
  Missing documentation for:
    XY (Math/Algebras/AffinePlane.hs:15)
     (Math/Algebras/AffinePlane.hs:17)
    x (Math/Algebras/AffinePlane.hs:19)
    y (Math/Algebras/AffinePlane.hs:20)
    ABCD (Math/Algebras/AffinePlane.hs:23)
     (Math/Algebras/AffinePlane.hs:25)
    a (Math/Algebras/AffinePlane.hs:27)
    b (Math/Algebras/AffinePlane.hs:27)
    c (Math/Algebras/AffinePlane.hs:27)
    d (Math/Algebras/AffinePlane.hs:27)
    SL2 (Math/Algebras/AffinePlane.hs:36)
     (Math/Algebras/AffinePlane.hs:38)
     (Math/Algebras/AffinePlane.hs:40)
    sl2Var (Math/Algebras/AffinePlane.hs:49)
     (Math/Algebras/AffinePlane.hs:56)
     (Math/Algebras/AffinePlane.hs:62)
     (Math/Algebras/AffinePlane.hs:81)
     (Math/Algebras/AffinePlane.hs:83)
  44% ( 64 /147) in 'Math.Combinatorics.Matroid'
  Missing documentation for:
    implies (Math/Combinatorics/Matroid.hs:30)
    exists (Math/Combinatorics/Matroid.hs:31)
    unique (Math/Combinatorics/Matroid.hs:32)
    shortlex (Math/Combinatorics/Matroid.hs:34)
    isShortlex (Math/Combinatorics/Matroid.hs:39)
    toShortlex (Math/Combinatorics/Matroid.hs:41)
    isClutter (Math/Combinatorics/Matroid.hs:43)
    deletions (Math/Combinatorics/Matroid.hs:48)
    closedUnderSubsets (Math/Combinatorics/Matroid.hs:50)
    tsshow (Math/Combinatorics/Matroid.hs:64)
     (Math/Combinatorics/Matroid.hs:66)
    tsempty (Math/Combinatorics/Matroid.hs:69)
    tsinsert (Math/Combinatorics/Matroid.hs:71)
    tsmember (Math/Combinatorics/Matroid.hs:79)
    tssubmember (Math/Combinatorics/Matroid.hs:87)
    tstolist (Math/Combinatorics/Matroid.hs:94)
    tsfromlist (Math/Combinatorics/Matroid.hs:97)
    isIndependent (Math/Combinatorics/Matroid.hs:121)
    isDependent (Math/Combinatorics/Matroid.hs:124)
    fromIndeps1 (Math/Combinatorics/Matroid.hs:149)
    cycleMatroid' (Math/Combinatorics/Matroid.hs:228)
    incidenceGraphB (Math/Combinatorics/Matroid.hs:243)
    incidenceGraphC (Math/Combinatorics/Matroid.hs:250)
    incidenceGraphH (Math/Combinatorics/Matroid.hs:257)
    matroidIsos (Math/Combinatorics/Matroid.hs:268)
    uniformMatroid (Math/Combinatorics/Matroid.hs:381)
    restriction1 (Math/Combinatorics/Matroid.hs:393)
    flats1 (Math/Combinatorics/Matroid.hs:518)
    coveringFlats (Math/Combinatorics/Matroid.hs:524)
    minimalFlat (Math/Combinatorics/Matroid.hs:531)
    fromFlats' (Math/Combinatorics/Matroid.hs:556)
    hyperplanes1 (Math/Combinatorics/Matroid.hs:571)
    hyperplanes (Math/Combinatorics/Matroid.hs:575)
    isMatroidHyperplanes (Math/Combinatorics/Matroid.hs:582)
    fromHyperplanes1 (Math/Combinatorics/Matroid.hs:595)
    minimal (Math/Combinatorics/Matroid.hs:638)
    isSimpleGeoRep (Math/Combinatorics/Matroid.hs:650)
    isCircuitHyperplane (Math/Combinatorics/Matroid.hs:657)
    ex161 (Math/Combinatorics/Matroid.hs:677)
    transversalGraph (Math/Combinatorics/Matroid.hs:680)
    partialMatchings (Math/Combinatorics/Matroid.hs:682)
    isCoindependent (Math/Combinatorics/Matroid.hs:737)
    isCobase (Math/Combinatorics/Matroid.hs:739)
    isCocircuit (Math/Combinatorics/Matroid.hs:742)
    cocircuits (Math/Combinatorics/Matroid.hs:744)
    isColoop (Math/Combinatorics/Matroid.hs:747)
    isCoparallel (Math/Combinatorics/Matroid.hs:749)
    deletion (Math/Combinatorics/Matroid.hs:754)
    \\\ (Math/Combinatorics/Matroid.hs:758)
    contraction (Math/Combinatorics/Matroid.hs:760)
    /// (Math/Combinatorics/Matroid.hs:763)
    component (Math/Combinatorics/Matroid.hs:775)
    fundamentalCircuitIncidenceMatrix' (Math/Combinatorics/Matroid.hs:810)
    fcim (Math/Combinatorics/Matroid.hs:814)
    fcim' (Math/Combinatorics/Matroid.hs:815)
    markNonInitialRCs (Math/Combinatorics/Matroid.hs:822)
    substStars (Math/Combinatorics/Matroid.hs:835)
    starSubstitutionsV (Math/Combinatorics/Matroid.hs:844)
    representations1 (Math/Combinatorics/Matroid.hs:853)
    fcig (Math/Combinatorics/Matroid.hs:862)
    markedfcim (Math/Combinatorics/Matroid.hs:865)
    representations2 (Math/Combinatorics/Matroid.hs:879)
    LMR (Math/Combinatorics/Matroid.hs:925)
    seriesConnection (Math/Combinatorics/Matroid.hs:928)
    parallelConnection (Math/Combinatorics/Matroid.hs:938)
    twoSum (Math/Combinatorics/Matroid.hs:950)
    matroidUnion (Math/Combinatorics/Matroid.hs:962)
    vamosMatroid1 (Math/Combinatorics/Matroid.hs:1007)
    vamosMatroid (Math/Combinatorics/Matroid.hs:1010)
    p8' (Math/Combinatorics/Matroid.hs:1027)
    wheelGraph (Math/Combinatorics/Matroid.hs:1041)
    mw4 (Math/Combinatorics/Matroid.hs:1046)
    w4' (Math/Combinatorics/Matroid.hs:1049)
    w4 (Math/Combinatorics/Matroid.hs:1052)
    isBinary2 (Math/Combinatorics/Matroid.hs:1058)
    x (Math/Combinatorics/Matroid.hs:1064)
    rankPoly1 (Math/Combinatorics/Matroid.hs:1067)
    numBases (Math/Combinatorics/Matroid.hs:1091)
    numIndeps (Math/Combinatorics/Matroid.hs:1093)
    numSpanning (Math/Combinatorics/Matroid.hs:1095)
    indepCounts (Math/Combinatorics/Matroid.hs:1103)
    whitney2nd (Math/Combinatorics/Matroid.hs:1130)
    whitney1st (Math/Combinatorics/Matroid.hs:1134)
   0% (  0 / 10) in 'Math.Algebras.LaurentPoly'
  Missing documentation for:
    Module header
    LaurentMonomial (Math/Algebras/LaurentPoly.hs:21)
     (Math/Algebras/LaurentPoly.hs:26)
     (Math/Algebras/LaurentPoly.hs:30)
     (Math/Algebras/LaurentPoly.hs:34)
    LaurentPoly (Math/Algebras/LaurentPoly.hs:48)
    lvar (Math/Algebras/LaurentPoly.hs:50)
     (Math/Algebras/LaurentPoly.hs:52)
    q (Math/Algebras/LaurentPoly.hs:56)
    q' (Math/Algebras/LaurentPoly.hs:57)
   0% (  0 / 11) in 'Math.Algebras.Matrix'
  Missing documentation for:
    Module header
    Mat2 (Math/Algebras/Matrix.hs:24)
     (Math/Algebras/Matrix.hs:27)
     (Math/Algebras/Matrix.hs:38)
    toMat2 (Math/Algebras/Matrix.hs:47)
    toEB2 (Math/Algebras/Matrix.hs:50)
    toEB (Math/Algebras/Matrix.hs:52)
    Mat2' (Math/Algebras/Matrix.hs:56)
     (Math/Algebras/Matrix.hs:60)
    M3 (Math/Algebras/Matrix.hs:75)
     (Math/Algebras/Matrix.hs:78)
   5% (  1 / 19) in 'Math.Algebras.NonCommutative'
  Missing documentation for:
    NonComMonomial (Math/Algebras/NonCommutative.hs:17)
     (Math/Algebras/NonCommutative.hs:19)
     (Math/Algebras/NonCommutative.hs:23)
     (Math/Algebras/NonCommutative.hs:30)
     (Math/Algebras/NonCommutative.hs:34)
    Monomial (Math/Algebras/NonCommutative.hs:58)
    bind (Math/Algebras/NonCommutative.hs:63)
     (Math/Algebras/NonCommutative.hs:66)
    NCPoly (Math/Algebras/NonCommutative.hs:72)
    DivisionBasis (Math/Algebras/NonCommutative.hs:84)
     (Math/Algebras/NonCommutative.hs:92)
    ncm (Math/Algebras/NonCommutative.hs:107)
    lm (Math/Algebras/NonCommutative.hs:109)
    lc (Math/Algebras/NonCommutative.hs:110)
    lt (Math/Algebras/NonCommutative.hs:111)
    quotRemNP (Math/Algebras/NonCommutative.hs:114)
    remNP (Math/Algebras/NonCommutative.hs:132)
    %% (Math/Algebras/NonCommutative.hs:151)
  27% ( 12 / 45) in 'Math.Algebras.TensorAlgebra'
  Missing documentation for:
     (Math/Algebras/TensorAlgebra.hs:29)
     (Math/Algebras/TensorAlgebra.hs:35)
     (Math/Algebras/TensorAlgebra.hs:39)
    bindTA (Math/Algebras/TensorAlgebra.hs:98)
    bindTA' (Math/Algebras/TensorAlgebra.hs:102)
     (Math/Algebras/TensorAlgebra.hs:118)
     (Math/Algebras/TensorAlgebra.hs:122)
     (Math/Algebras/TensorAlgebra.hs:126)
    injectSym (Math/Algebras/TensorAlgebra.hs:145)
    injectSym' (Math/Algebras/TensorAlgebra.hs:148)
    liftSym (Math/Algebras/TensorAlgebra.hs:152)
    liftSym' (Math/Algebras/TensorAlgebra.hs:156)
    fmapSym (Math/Algebras/TensorAlgebra.hs:161)
    fmapSym' (Math/Algebras/TensorAlgebra.hs:166)
    bindSym (Math/Algebras/TensorAlgebra.hs:172)
    bindSym' (Math/Algebras/TensorAlgebra.hs:176)
     (Math/Algebras/TensorAlgebra.hs:190)
     (Math/Algebras/TensorAlgebra.hs:195)
    signedSort (Math/Algebras/TensorAlgebra.hs:217)
    injectExt (Math/Algebras/TensorAlgebra.hs:228)
    injectExt' (Math/Algebras/TensorAlgebra.hs:231)
    liftExt (Math/Algebras/TensorAlgebra.hs:235)
    liftExt' (Math/Algebras/TensorAlgebra.hs:239)
    fmapExt (Math/Algebras/TensorAlgebra.hs:244)
    fmapExt' (Math/Algebras/TensorAlgebra.hs:249)
    bindExt (Math/Algebras/TensorAlgebra.hs:255)
    bindExt' (Math/Algebras/TensorAlgebra.hs:259)
    TensorCoalgebra (Math/Algebras/TensorAlgebra.hs:268)
     (Math/Algebras/TensorAlgebra.hs:270)
    projectTC (Math/Algebras/TensorAlgebra.hs:283)
    coliftTC (Math/Algebras/TensorAlgebra.hs:290)
    coliftTC' (Math/Algebras/TensorAlgebra.hs:294)
    cobindTC (Math/Algebras/TensorAlgebra.hs:304)
  30% ( 19 / 63) in 'Math.Combinatorics.Design'
  Missing documentation for:
    isSubset (Math/Combinatorics/Design.hs:35)
    Design (Math/Combinatorics/Design.hs:40)
    design (Math/Combinatorics/Design.hs:43)
    toDesign (Math/Combinatorics/Design.hs:45)
    isValid (Math/Combinatorics/Design.hs:49)
    points (Math/Combinatorics/Design.hs:53)
    blocks (Math/Combinatorics/Design.hs:55)
    noRepeatedBlocks (Math/Combinatorics/Design.hs:60)
    tDesignParams (Math/Combinatorics/Design.hs:66)
    findvk (Math/Combinatorics/Design.hs:74)
    findlambda (Math/Combinatorics/Design.hs:79)
    designParams (Math/Combinatorics/Design.hs:84)
    isStructure (Math/Combinatorics/Design.hs:93)
    isDesign (Math/Combinatorics/Design.hs:95)
    is2Design (Math/Combinatorics/Design.hs:97)
    isSquare (Math/Combinatorics/Design.hs:100)
    subsetDesign (Math/Combinatorics/Design.hs:113)
    pairDesign (Math/Combinatorics/Design.hs:119)
    flatsDesignPG (Math/Combinatorics/Design.hs:147)
    pg (Math/Combinatorics/Design.hs:152)
    flatsDesignAG (Math/Combinatorics/Design.hs:155)
    ag (Math/Combinatorics/Design.hs:162)
    to1n (Math/Combinatorics/Design.hs:167)
    paleyDesign (Math/Combinatorics/Design.hs:174)
    fanoPlane (Math/Combinatorics/Design.hs:179)
    derivedDesign (Math/Combinatorics/Design.hs:193)
    pointResidual (Math/Combinatorics/Design.hs:198)
    complementaryDesign (Math/Combinatorics/Design.hs:203)
    blockResidual (Math/Combinatorics/Design.hs:209)
    isDesignAut (Math/Combinatorics/Design.hs:215)
    designAuts1 (Math/Combinatorics/Design.hs:231)
    alphaL2_23 (Math/Combinatorics/Design.hs:242)
    betaL2_23 (Math/Combinatorics/Design.hs:243)
    gammaL2_23 (Math/Combinatorics/Design.hs:244)
    l2_23 (Math/Combinatorics/Design.hs:246)
    deltaM24 (Math/Combinatorics/Design.hs:253)
    octad (Math/Combinatorics/Design.hs:277)
    s_5_8_24' (Math/Combinatorics/Design.hs:303)
    alphaL2_11 (Math/Combinatorics/Design.hs:317)
    betaL2_11 (Math/Combinatorics/Design.hs:318)
    gammaL2_11 (Math/Combinatorics/Design.hs:319)
    l2_11 (Math/Combinatorics/Design.hs:321)
    deltaM12 (Math/Combinatorics/Design.hs:323)
    hexad (Math/Combinatorics/Design.hs:326)
  26% (  8 / 31) in 'Math.Combinatorics.Hypergraph'
  Missing documentation for:
    Hypergraph (Math/Combinatorics/Hypergraph.hs:19)
    hypergraph (Math/Combinatorics/Hypergraph.hs:21)
    toHypergraph (Math/Combinatorics/Hypergraph.hs:23)
    same (Math/Combinatorics/Hypergraph.hs:33)
    fromGraph (Math/Combinatorics/Hypergraph.hs:38)
    fromDesign (Math/Combinatorics/Hypergraph.hs:39)
    incidenceGraph (Math/Combinatorics/Hypergraph.hs:57)
    incidenceMatrix (Math/Combinatorics/Hypergraph.hs:71)
    fromIncidenceMatrix (Math/Combinatorics/Hypergraph.hs:73)
    isPartialLinearSpace (Math/Combinatorics/Hypergraph.hs:88)
    isGeneralizedQuadrangle (Math/Combinatorics/Hypergraph.hs:129)
    grid (Math/Combinatorics/Hypergraph.hs:142)
    dualGrid (Math/Combinatorics/Hypergraph.hs:147)
    isGenQuadrangle' (Math/Combinatorics/Hypergraph.hs:150)
    fanoPlane (Math/Combinatorics/Hypergraph.hs:164)
    desarguesConfiguration (Math/Combinatorics/Hypergraph.hs:172)
    desarguesGraph (Math/Combinatorics/Hypergraph.hs:177)
    pappusConfiguration (Math/Combinatorics/Hypergraph.hs:181)
    pappusGraph (Math/Combinatorics/Hypergraph.hs:186)
    coxeterGraph (Math/Combinatorics/Hypergraph.hs:208)
    duads (Math/Combinatorics/Hypergraph.hs:218)
    synthemes (Math/Combinatorics/Hypergraph.hs:222)
    intersectionGraph (Math/Combinatorics/Hypergraph.hs:232)
  39% ( 11 / 28) in 'Math.Combinatorics.IncidenceAlgebra'
  Missing documentation for:
    Module header
     (Math/Combinatorics/IncidenceAlgebra.hs:32)
     (Math/Combinatorics/IncidenceAlgebra.hs:36)
     (Math/Combinatorics/IncidenceAlgebra.hs:39)
    ivPoset (Math/Combinatorics/IncidenceAlgebra.hs:62)
    intervalIsos (Math/Combinatorics/IncidenceAlgebra.hs:64)
    isIntervalIso (Math/Combinatorics/IncidenceAlgebra.hs:66)
    intervalIsoMap (Math/Combinatorics/IncidenceAlgebra.hs:82)
    basisIA (Math/Combinatorics/IncidenceAlgebra.hs:121)
    muIA1 (Math/Combinatorics/IncidenceAlgebra.hs:132)
    invIA1 (Math/Combinatorics/IncidenceAlgebra.hs:147)
     (Math/Combinatorics/IncidenceAlgebra.hs:170)
    etaIA (Math/Combinatorics/IncidenceAlgebra.hs:182)
    muC (Math/Combinatorics/IncidenceAlgebra.hs:197)
    muB (Math/Combinatorics/IncidenceAlgebra.hs:203)
    muL (Math/Combinatorics/IncidenceAlgebra.hs:207)
     (Math/Combinatorics/IncidenceAlgebra.hs:218)
   3% (  1 / 37) in 'Math.Combinatorics.StronglyRegularGraph'
  Missing documentation for:
    srgParams (Math/Combinatorics/StronglyRegularGraph.hs:37)
    isSRG (Math/Combinatorics/StronglyRegularGraph.hs:54)
    t' (Math/Combinatorics/StronglyRegularGraph.hs:61)
    t (Math/Combinatorics/StronglyRegularGraph.hs:63)
    l2' (Math/Combinatorics/StronglyRegularGraph.hs:71)
    l2 (Math/Combinatorics/StronglyRegularGraph.hs:73)
    paleyGraph (Math/Combinatorics/StronglyRegularGraph.hs:80)
    clebsch' (Math/Combinatorics/StronglyRegularGraph.hs:89)
    clebsch (Math/Combinatorics/StronglyRegularGraph.hs:91)
    clebsch2 (Math/Combinatorics/StronglyRegularGraph.hs:96)
    triples (Math/Combinatorics/StronglyRegularGraph.hs:109)
    heptads (Math/Combinatorics/StronglyRegularGraph.hs:111)
    +^ (Math/Combinatorics/StronglyRegularGraph.hs:123)
    +^^ (Math/Combinatorics/StronglyRegularGraph.hs:125)
    hoffmanSingleton' (Math/Combinatorics/StronglyRegularGraph.hs:128)
    hoffmanSingleton (Math/Combinatorics/StronglyRegularGraph.hs:130)
    inducedA7 (Math/Combinatorics/StronglyRegularGraph.hs:138)
    hsA7 (Math/Combinatorics/StronglyRegularGraph.hs:143)
    gewirtz' (Math/Combinatorics/StronglyRegularGraph.hs:150)
    gewirtz (Math/Combinatorics/StronglyRegularGraph.hs:152)
    DesignVertex (Math/Combinatorics/StronglyRegularGraph.hs:162)
    higmanSimsGraph' (Math/Combinatorics/StronglyRegularGraph.hs:164)
    higmanSimsGraph (Math/Combinatorics/StronglyRegularGraph.hs:167)
    inducedM22 (Math/Combinatorics/StronglyRegularGraph.hs:178)
    higmanSimsM22 (Math/Combinatorics/StronglyRegularGraph.hs:185)
    _HS2 (Math/Combinatorics/StronglyRegularGraph.hs:191)
    _HS (Math/Combinatorics/StronglyRegularGraph.hs:194)
    sp2 (Math/Combinatorics/StronglyRegularGraph.hs:201)
    sp (Math/Combinatorics/StronglyRegularGraph.hs:206)
    switch (Math/Combinatorics/StronglyRegularGraph.hs:218)
    schlafli' (Math/Combinatorics/StronglyRegularGraph.hs:229)
    schlafli (Math/Combinatorics/StronglyRegularGraph.hs:231)
    mcLaughlin' (Math/Combinatorics/StronglyRegularGraph.hs:244)
    mcLaughlin (Math/Combinatorics/StronglyRegularGraph.hs:246)
    _McL2 (Math/Combinatorics/StronglyRegularGraph.hs:256)
    _McL (Math/Combinatorics/StronglyRegularGraph.hs:260)
  20% (  3 / 15) in 'Math.Combinatorics.LatinSquares'
  Missing documentation for:
    Module header
    findLatinSqs (Math/Combinatorics/LatinSquares.hs:22)
    isLatinSq (Math/Combinatorics/LatinSquares.hs:33)
    isOneOfEach (Math/Combinatorics/LatinSquares.hs:37)
    incidenceGraphLS (Math/Combinatorics/LatinSquares.hs:43)
    incidenceGraphLS' (Math/Combinatorics/LatinSquares.hs:49)
    findMOLS (Math/Combinatorics/LatinSquares.hs:65)
    isOA (Math/Combinatorics/LatinSquares.hs:94)
    fromLS (Math/Combinatorics/LatinSquares.hs:100)
    fromMOLS (Math/Combinatorics/LatinSquares.hs:107)
    graphOA (Math/Combinatorics/LatinSquares.hs:116)
    srgParamsOA (Math/Combinatorics/LatinSquares.hs:122)
  24% (  4 / 17) in 'Math.Projects.ChevalleyGroup.Classical'
  Missing documentation for:
    Module header
    numPtsAG (Math/Projects/ChevalleyGroup/Classical.hs:17)
    numPtsPG (Math/Projects/ChevalleyGroup/Classical.hs:19)
    elemTransvection (Math/Projects/ChevalleyGroup/Classical.hs:31)
    orderL (Math/Projects/ChevalleyGroup/Classical.hs:40)
    s (Math/Projects/ChevalleyGroup/Classical.hs:69)
    orderS2 (Math/Projects/ChevalleyGroup/Classical.hs:72)
    orderS (Math/Projects/ChevalleyGroup/Classical.hs:74)
    omegaeven (Math/Projects/ChevalleyGroup/Classical.hs:81)
    d (Math/Projects/ChevalleyGroup/Classical.hs:95)
    omegaodd (Math/Projects/ChevalleyGroup/Classical.hs:101)
    b (Math/Projects/ChevalleyGroup/Classical.hs:124)
    o (Math/Projects/ChevalleyGroup/Classical.hs:128)
   0% (  0 / 32) in 'Math.Projects.KnotTheory.LaurentMPoly'
  Missing documentation for:
    Module header
    LaurentMonomial (Math/Projects/KnotTheory/LaurentMPoly.hs:17)
    degLM (Math/Projects/KnotTheory/LaurentMPoly.hs:21)
     (Math/Projects/KnotTheory/LaurentMPoly.hs:24)
     (Math/Projects/KnotTheory/LaurentMPoly.hs:32)
     (Math/Projects/KnotTheory/LaurentMPoly.hs:38)
     (Math/Projects/KnotTheory/LaurentMPoly.hs:42)
    denominatorLM (Math/Projects/KnotTheory/LaurentMPoly.hs:49)
    lcmLM (Math/Projects/KnotTheory/LaurentMPoly.hs:52)
    divLM (Math/Projects/KnotTheory/LaurentMPoly.hs:57)
    LaurentMPoly (Math/Projects/KnotTheory/LaurentMPoly.hs:62)
     (Math/Projects/KnotTheory/LaurentMPoly.hs:64)
     (Math/Projects/KnotTheory/LaurentMPoly.hs:80)
    cmpTerm (Math/Projects/KnotTheory/LaurentMPoly.hs:87)
    mergeTerms (Math/Projects/KnotTheory/LaurentMPoly.hs:91)
    collect (Math/Projects/KnotTheory/LaurentMPoly.hs:99)
     (Math/Projects/KnotTheory/LaurentMPoly.hs:107)
    lm (Math/Projects/KnotTheory/LaurentMPoly.hs:112)
    lc (Math/Projects/KnotTheory/LaurentMPoly.hs:113)
    lt (Math/Projects/KnotTheory/LaurentMPoly.hs:114)
    quotRemLP (Math/Projects/KnotTheory/LaurentMPoly.hs:116)
    reduceLP (Math/Projects/KnotTheory/LaurentMPoly.hs:131)
    var (Math/Projects/KnotTheory/LaurentMPoly.hs:139)
    t (Math/Projects/KnotTheory/LaurentMPoly.hs:141)
    x (Math/Projects/KnotTheory/LaurentMPoly.hs:142)
    y (Math/Projects/KnotTheory/LaurentMPoly.hs:143)
    z (Math/Projects/KnotTheory/LaurentMPoly.hs:144)
    denominatorLP (Math/Projects/KnotTheory/LaurentMPoly.hs:147)
    inject (Math/Projects/KnotTheory/LaurentMPoly.hs:157)
    sqrtvar (Math/Projects/KnotTheory/LaurentMPoly.hs:160)
    subst (Math/Projects/KnotTheory/LaurentMPoly.hs:164)
    ^^^ (Math/Projects/KnotTheory/LaurentMPoly.hs:172)
   0% (  0 / 16) in 'Math.Projects.KnotTheory.Braid'
  Missing documentation for:
    Module header
    LPQ (Math/Projects/KnotTheory/Braid.hs:14)
     (Math/Projects/KnotTheory/Braid.hs:16)
    BraidGens (Math/Projects/KnotTheory/Braid.hs:22)
     (Math/Projects/KnotTheory/Braid.hs:25)
    s_ (Math/Projects/KnotTheory/Braid.hs:29)
    s1 (Math/Projects/KnotTheory/Braid.hs:31)
    s2 (Math/Projects/KnotTheory/Braid.hs:32)
    s3 (Math/Projects/KnotTheory/Braid.hs:33)
    s4 (Math/Projects/KnotTheory/Braid.hs:34)
     (Math/Projects/KnotTheory/Braid.hs:36)
    writhe (Math/Projects/KnotTheory/Braid.hs:48)
    k3_1 (Math/Projects/KnotTheory/Braid.hs:56)
    k4_1 (Math/Projects/KnotTheory/Braid.hs:57)
    k5_1 (Math/Projects/KnotTheory/Braid.hs:58)
    k7_1 (Math/Projects/KnotTheory/Braid.hs:59)
   0% (  0 / 28) in 'Math.Projects.KnotTheory.IwahoriHecke'
  Missing documentation for:
    Module header
    IwahoriHeckeGens (Math/Projects/KnotTheory/IwahoriHecke.hs:19)
     (Math/Projects/KnotTheory/IwahoriHecke.hs:21)
    t_ (Math/Projects/KnotTheory/IwahoriHecke.hs:24)
    t1 (Math/Projects/KnotTheory/IwahoriHecke.hs:26)
    t2 (Math/Projects/KnotTheory/IwahoriHecke.hs:27)
    t3 (Math/Projects/KnotTheory/IwahoriHecke.hs:28)
    t4 (Math/Projects/KnotTheory/IwahoriHecke.hs:29)
    q (Math/Projects/KnotTheory/IwahoriHecke.hs:31)
    z (Math/Projects/KnotTheory/IwahoriHecke.hs:32)
    q' (Math/Projects/KnotTheory/IwahoriHecke.hs:34)
    z' (Math/Projects/KnotTheory/IwahoriHecke.hs:35)
     (Math/Projects/KnotTheory/IwahoriHecke.hs:38)
    ihRelations (Math/Projects/KnotTheory/IwahoriHecke.hs:44)
    dimIH (Math/Projects/KnotTheory/IwahoriHecke.hs:50)
    ihnf (Math/Projects/KnotTheory/IwahoriHecke.hs:53)
    ihBasis (Math/Projects/KnotTheory/IwahoriHecke.hs:56)
    tau' (Math/Projects/KnotTheory/IwahoriHecke.hs:62)
    tau (Math/Projects/KnotTheory/IwahoriHecke.hs:71)
    fromBraid (Math/Projects/KnotTheory/IwahoriHecke.hs:74)
    homfly (Math/Projects/KnotTheory/IwahoriHecke.hs:83)
    i (Math/Projects/KnotTheory/IwahoriHecke.hs:85)
    l (Math/Projects/KnotTheory/IwahoriHecke.hs:86)
    m (Math/Projects/KnotTheory/IwahoriHecke.hs:87)
    homfly' (Math/Projects/KnotTheory/IwahoriHecke.hs:92)
    homfly'' (Math/Projects/KnotTheory/IwahoriHecke.hs:97)
    coeffs (Math/Projects/KnotTheory/IwahoriHecke.hs:102)
    jones' (Math/Projects/KnotTheory/IwahoriHecke.hs:110)
   0% (  0 / 20) in 'Math.Projects.KnotTheory.TemperleyLieb'
  Missing documentation for:
    Module header
    TemperleyLiebGens (Math/Projects/KnotTheory/TemperleyLieb.hs:19)
     (Math/Projects/KnotTheory/TemperleyLieb.hs:21)
    e_ (Math/Projects/KnotTheory/TemperleyLieb.hs:24)
    d (Math/Projects/KnotTheory/TemperleyLieb.hs:27)
    d' (Math/Projects/KnotTheory/TemperleyLieb.hs:28)
    e1 (Math/Projects/KnotTheory/TemperleyLieb.hs:30)
    e2 (Math/Projects/KnotTheory/TemperleyLieb.hs:31)
    e3 (Math/Projects/KnotTheory/TemperleyLieb.hs:32)
    e4 (Math/Projects/KnotTheory/TemperleyLieb.hs:33)
    tlRelations (Math/Projects/KnotTheory/TemperleyLieb.hs:36)
    dimTL (Math/Projects/KnotTheory/TemperleyLieb.hs:42)
    tlnf (Math/Projects/KnotTheory/TemperleyLieb.hs:45)
    tlBasis (Math/Projects/KnotTheory/TemperleyLieb.hs:48)
    tr' (Math/Projects/KnotTheory/TemperleyLieb.hs:54)
    tr (Math/Projects/KnotTheory/TemperleyLieb.hs:65)
    a (Math/Projects/KnotTheory/TemperleyLieb.hs:70)
    a' (Math/Projects/KnotTheory/TemperleyLieb.hs:71)
    fromBraid (Math/Projects/KnotTheory/TemperleyLieb.hs:74)
    jones (Math/Projects/KnotTheory/TemperleyLieb.hs:80)
   0% (  0 / 59) in 'Math.Projects.MiniquaternionGeometry'
  Missing documentation for:
    Module header
    F9 (Math/Projects/MiniquaternionGeometry.hs:31)
     (Math/Projects/MiniquaternionGeometry.hs:33)
    e (Math/Projects/MiniquaternionGeometry.hs:44)
     (Math/Projects/MiniquaternionGeometry.hs:46)
    f9 (Math/Projects/MiniquaternionGeometry.hs:52)
    w (Math/Projects/MiniquaternionGeometry.hs:54)
    conj (Math/Projects/MiniquaternionGeometry.hs:56)
    norm (Math/Projects/MiniquaternionGeometry.hs:59)
     (Math/Projects/MiniquaternionGeometry.hs:62)
     (Math/Projects/MiniquaternionGeometry.hs:65)
    J9 (Math/Projects/MiniquaternionGeometry.hs:70)
     (Math/Projects/MiniquaternionGeometry.hs:72)
    squaresF9 (Math/Projects/MiniquaternionGeometry.hs:83)
     (Math/Projects/MiniquaternionGeometry.hs:85)
    i (Math/Projects/MiniquaternionGeometry.hs:96)
    j (Math/Projects/MiniquaternionGeometry.hs:97)
    k (Math/Projects/MiniquaternionGeometry.hs:98)
    j9 (Math/Projects/MiniquaternionGeometry.hs:100)
    autJ9 (Math/Projects/MiniquaternionGeometry.hs:104)
    autA (Math/Projects/MiniquaternionGeometry.hs:106)
    autB (Math/Projects/MiniquaternionGeometry.hs:107)
    autC (Math/Projects/MiniquaternionGeometry.hs:108)
    autsJ9 (Math/Projects/MiniquaternionGeometry.hs:110)
    conj' (Math/Projects/MiniquaternionGeometry.hs:115)
    isAut (Math/Projects/MiniquaternionGeometry.hs:119)
    isReal (Math/Projects/MiniquaternionGeometry.hs:123)
    isComplex (Math/Projects/MiniquaternionGeometry.hs:124)
     (Math/Projects/MiniquaternionGeometry.hs:126)
     (Math/Projects/MiniquaternionGeometry.hs:131)
    ptsPG2 (Math/Projects/MiniquaternionGeometry.hs:138)
    orthogonalLinesPG2 (Math/Projects/MiniquaternionGeometry.hs:141)
    rightLinesPG2 (Math/Projects/MiniquaternionGeometry.hs:143)
    leftLinesPG2 (Math/Projects/MiniquaternionGeometry.hs:149)
    phi (Math/Projects/MiniquaternionGeometry.hs:156)
    phi' (Math/Projects/MiniquaternionGeometry.hs:164)
    collineationsPhi (Math/Projects/MiniquaternionGeometry.hs:169)
    liftToGraph (Math/Projects/MiniquaternionGeometry.hs:176)
    omega0 (Math/Projects/MiniquaternionGeometry.hs:184)
    omega (Math/Projects/MiniquaternionGeometry.hs:190)
    omega2 (Math/Projects/MiniquaternionGeometry.hs:195)
    collineationsOmega (Math/Projects/MiniquaternionGeometry.hs:202)
    omegaD (Math/Projects/MiniquaternionGeometry.hs:226)
    omegaD1 (Math/Projects/MiniquaternionGeometry.hs:230)
    omegaD2 (Math/Projects/MiniquaternionGeometry.hs:233)
    <* (Math/Projects/MiniquaternionGeometry.hs:238)
    psi (Math/Projects/MiniquaternionGeometry.hs:242)
    psi2 (Math/Projects/MiniquaternionGeometry.hs:251)
    collineationsPsi (Math/Projects/MiniquaternionGeometry.hs:261)
    order (Math/Projects/MiniquaternionGeometry.hs:272)
    isProjectivePlane (Math/Projects/MiniquaternionGeometry.hs:274)
    collinear (Math/Projects/MiniquaternionGeometry.hs:278)
    isQuadrangle (Math/Projects/MiniquaternionGeometry.hs:281)
    concurrent (Math/Projects/MiniquaternionGeometry.hs:285)
    isQuadrilateral (Math/Projects/MiniquaternionGeometry.hs:287)
    isOval (Math/Projects/MiniquaternionGeometry.hs:291)
    findOvals1 (Math/Projects/MiniquaternionGeometry.hs:294)
    findQuadrangles (Math/Projects/MiniquaternionGeometry.hs:303)
    findOvals (Math/Projects/MiniquaternionGeometry.hs:310)
   0% (  0 / 29) in 'Math.Projects.RootSystem'
  Missing documentation for:
    Module header
    Type (Math/Projects/RootSystem.hs:18)
    basisElt (Math/Projects/RootSystem.hs:27)
    simpleSystem (Math/Projects/RootSystem.hs:34)
    w (Math/Projects/RootSystem.hs:59)
    closure (Math/Projects/RootSystem.hs:63)
    weylPerms (Math/Projects/RootSystem.hs:76)
    weylMatrices (Math/Projects/RootSystem.hs:83)
    wMx (Math/Projects/RootSystem.hs:86)
    cartanMatrix (Math/Projects/RootSystem.hs:95)
    setDiag (Math/Projects/RootSystem.hs:104)
    dynkinFromCartan (Math/Projects/RootSystem.hs:110)
    dynkinDiagram (Math/Projects/RootSystem.hs:112)
    coxeterFromDynkin (Math/Projects/RootSystem.hs:120)
    coxeterMatrix (Math/Projects/RootSystem.hs:124)
    fromCoxeterMatrix (Math/Projects/RootSystem.hs:129)
    fromCoxeterMatrix2 (Math/Projects/RootSystem.hs:138)
    coxeterPresentation (Math/Projects/RootSystem.hs:148)
    eltsCoxeter (Math/Projects/RootSystem.hs:150)
    poincarePoly (Math/Projects/RootSystem.hs:153)
    elemMx (Math/Projects/RootSystem.hs:158)
    lieMult (Math/Projects/RootSystem.hs:163)
    +|+ (Math/Projects/RootSystem.hs:166)
    +-+ (Math/Projects/RootSystem.hs:167)
    form (Math/Projects/RootSystem.hs:169)
    rootSystem (Math/Projects/RootSystem.hs:191)
    numRoots (Math/Projects/RootSystem.hs:222)
    orderWeyl (Math/Projects/RootSystem.hs:234)
    factorial (Math/Projects/RootSystem.hs:245)
   0% (  0 / 33) in 'Math.QuantumAlgebra.OrientedTangle'
  Missing documentation for:
    Module header
    Oriented (Math/QuantumAlgebra/OrientedTangle.hs:24)
    HorizDir (Math/QuantumAlgebra/OrientedTangle.hs:26)
    OrientedTangle (Math/QuantumAlgebra/OrientedTangle.hs:28)
     (Math/QuantumAlgebra/OrientedTangle.hs:31)
     (Math/QuantumAlgebra/OrientedTangle.hs:59)
    idV (Math/QuantumAlgebra/OrientedTangle.hs:66)
    idV' (Math/QuantumAlgebra/OrientedTangle.hs:67)
    evalV (Math/QuantumAlgebra/OrientedTangle.hs:69)
    evalV' (Math/QuantumAlgebra/OrientedTangle.hs:70)
    coevalV (Math/QuantumAlgebra/OrientedTangle.hs:72)
    coevalV' (Math/QuantumAlgebra/OrientedTangle.hs:73)
    lambda (Math/QuantumAlgebra/OrientedTangle.hs:75)
    c (Math/QuantumAlgebra/OrientedTangle.hs:77)
    c' (Math/QuantumAlgebra/OrientedTangle.hs:83)
    testcc' (Math/QuantumAlgebra/OrientedTangle.hs:88)
    mu (Math/QuantumAlgebra/OrientedTangle.hs:90)
    mu' (Math/QuantumAlgebra/OrientedTangle.hs:92)
    capRL (Math/QuantumAlgebra/OrientedTangle.hs:96)
    capLR (Math/QuantumAlgebra/OrientedTangle.hs:98)
    cupRL (Math/QuantumAlgebra/OrientedTangle.hs:103)
    cupLR (Math/QuantumAlgebra/OrientedTangle.hs:105)
    xplus (Math/QuantumAlgebra/OrientedTangle.hs:112)
    xminus (Math/QuantumAlgebra/OrientedTangle.hs:114)
    yplus (Math/QuantumAlgebra/OrientedTangle.hs:116)
    yminus (Math/QuantumAlgebra/OrientedTangle.hs:122)
    tplus (Math/QuantumAlgebra/OrientedTangle.hs:128)
    tminus (Math/QuantumAlgebra/OrientedTangle.hs:134)
    zplus (Math/QuantumAlgebra/OrientedTangle.hs:140)
    zminus (Math/QuantumAlgebra/OrientedTangle.hs:148)
    oloop (Math/QuantumAlgebra/OrientedTangle.hs:167)
    otrefoil (Math/QuantumAlgebra/OrientedTangle.hs:172)
    otrefoil' (Math/QuantumAlgebra/OrientedTangle.hs:182)
   3% (  1 / 38) in 'Math.QuantumAlgebra.QuantumPlane'
  Missing documentation for:
    qvar (Math/QuantumAlgebra/QuantumPlane.hs:23)
    a (Math/QuantumAlgebra/QuantumPlane.hs:26)
    b (Math/QuantumAlgebra/QuantumPlane.hs:27)
    c (Math/QuantumAlgebra/QuantumPlane.hs:28)
    d (Math/QuantumAlgebra/QuantumPlane.hs:29)
    detq (Math/QuantumAlgebra/QuantumPlane.hs:31)
    x (Math/QuantumAlgebra/QuantumPlane.hs:34)
    y (Math/QuantumAlgebra/QuantumPlane.hs:35)
    u (Math/QuantumAlgebra/QuantumPlane.hs:38)
    v (Math/QuantumAlgebra/QuantumPlane.hs:39)
    aq20 (Math/QuantumAlgebra/QuantumPlane.hs:44)
    Aq20 (Math/QuantumAlgebra/QuantumPlane.hs:47)
     (Math/QuantumAlgebra/QuantumPlane.hs:49)
     (Math/QuantumAlgebra/QuantumPlane.hs:51)
     (Math/QuantumAlgebra/QuantumPlane.hs:55)
    aq02 (Math/QuantumAlgebra/QuantumPlane.hs:66)
    Aq02 (Math/QuantumAlgebra/QuantumPlane.hs:69)
     (Math/QuantumAlgebra/QuantumPlane.hs:71)
     (Math/QuantumAlgebra/QuantumPlane.hs:73)
     (Math/QuantumAlgebra/QuantumPlane.hs:77)
    m2q (Math/QuantumAlgebra/QuantumPlane.hs:88)
    M2q (Math/QuantumAlgebra/QuantumPlane.hs:93)
     (Math/QuantumAlgebra/QuantumPlane.hs:95)
     (Math/QuantumAlgebra/QuantumPlane.hs:97)
     (Math/QuantumAlgebra/QuantumPlane.hs:101)
     (Math/QuantumAlgebra/QuantumPlane.hs:110)
     (Math/QuantumAlgebra/QuantumPlane.hs:124)
     (Math/QuantumAlgebra/QuantumPlane.hs:164)
    sl2q (Math/QuantumAlgebra/QuantumPlane.hs:174)
    SL2q (Math/QuantumAlgebra/QuantumPlane.hs:182)
     (Math/QuantumAlgebra/QuantumPlane.hs:184)
     (Math/QuantumAlgebra/QuantumPlane.hs:186)
     (Math/QuantumAlgebra/QuantumPlane.hs:190)
     (Math/QuantumAlgebra/QuantumPlane.hs:198)
     (Math/QuantumAlgebra/QuantumPlane.hs:212)
     (Math/QuantumAlgebra/QuantumPlane.hs:215)
    yb (Math/QuantumAlgebra/QuantumPlane.hs:230)
   6% (  1 / 17) in 'Math.QuantumAlgebra.Tangle'
  Missing documentation for:
     (Math/QuantumAlgebra/Tangle.hs:23)
     (Math/QuantumAlgebra/Tangle.hs:29)
    Tangle (Math/QuantumAlgebra/Tangle.hs:40)
     (Math/QuantumAlgebra/Tangle.hs:42)
     (Math/QuantumAlgebra/Tangle.hs:76)
    Oriented (Math/QuantumAlgebra/Tangle.hs:86)
    TangleRep (Math/QuantumAlgebra/Tangle.hs:88)
    cap (Math/QuantumAlgebra/Tangle.hs:92)
    cup (Math/QuantumAlgebra/Tangle.hs:95)
    over (Math/QuantumAlgebra/Tangle.hs:101)
    under (Math/QuantumAlgebra/Tangle.hs:114)
    loop (Math/QuantumAlgebra/Tangle.hs:126)
    trefoil (Math/QuantumAlgebra/Tangle.hs:128)
    kauffman (Math/QuantumAlgebra/Tangle.hs:141)
    loopT (Math/QuantumAlgebra/Tangle.hs:161)
    trefoilT (Math/QuantumAlgebra/Tangle.hs:173)
Documentation created:
.stack-work/dist/x86_64-osx/Cabal-1.24.2.0/doc/html/HaskellForMaths/index.html,
.stack-work/dist/x86_64-osx/Cabal-1.24.2.0/doc/html/HaskellForMaths/HaskellForMaths.txt
Installing library in
/Users/danielrodriguezchavarria/SAT-Pol/.stack-work/install/x86_64-osx/lts-8.22/8.0.2/lib/x86_64-osx-ghc-8.0.2/HaskellForMaths-0.4.8-8QcC8dcD7HF183G9RK8zU9
Registering HaskellForMaths-0.4.8...
